<?xml version="1.0" encoding="UTF-8"?>
<coverage generated="1777865564573" clover="3.2.0">
  <project timestamp="1777865564573" name="All files">
    <metrics statements="402" coveredstatements="283" conditionals="192" coveredconditionals="129" methods="140" coveredmethods="87" elements="734" coveredelements="499" complexity="0" loc="402" ncloc="402" packages="1" files="10" classes="10"/>
    <file name="Admin.js" path="C:\Users\Unpre\OneDrive\Documents\campus-lost-and-found\src\Admin.js">
      <metrics statements="16" coveredstatements="15" conditionals="5" coveredconditionals="4" methods="9" coveredmethods="8"/>
      <line num="10" count="1" type="stmt"/>
      <line num="19" count="9" type="stmt"/>
      <line num="20" count="9" type="stmt"/>
      <line num="21" count="9" type="stmt"/>
      <line num="26" count="0" type="stmt"/>
      <line num="27" count="2" type="stmt"/>
      <line num="36" count="1" type="stmt"/>
      <line num="43" count="1" type="stmt"/>
      <line num="50" count="1" type="stmt"/>
      <line num="62" count="3" type="cond" truecount="2" falsecount="0"/>
      <line num="63" count="1" type="stmt"/>
      <line num="65" count="2" type="stmt"/>
      <line num="73" count="3" type="cond" truecount="2" falsecount="0"/>
      <line num="74" count="2" type="stmt"/>
      <line num="79" count="1" type="stmt"/>
      <line num="87" count="1" type="stmt"/>
    </file>
    <file name="AdminCase.js" path="C:\Users\Unpre\OneDrive\Documents\campus-lost-and-found\src\AdminCase.js">
      <metrics statements="56" coveredstatements="52" conditionals="28" coveredconditionals="28" methods="17" coveredmethods="13"/>
      <line num="14" count="1" type="stmt"/>
      <line num="16" count="1" type="stmt"/>
      <line num="25" count="1" type="stmt"/>
      <line num="26" count="1" type="stmt"/>
      <line num="34" count="22" type="cond" truecount="2" falsecount="0"/>
      <line num="35" count="21" type="cond" truecount="2" falsecount="0"/>
      <line num="37" count="20" type="stmt"/>
      <line num="38" count="20" type="stmt"/>
      <line num="39" count="20" type="stmt"/>
      <line num="40" count="20" type="stmt"/>
      <line num="41" count="20" type="stmt"/>
      <line num="42" count="20" type="stmt"/>
      <line num="43" count="20" type="stmt"/>
      <line num="44" count="20" type="stmt"/>
      <line num="45" count="20" type="stmt"/>
      <line num="50" count="0" type="stmt"/>
      <line num="51" count="0" type="stmt"/>
      <line num="52" count="0" type="stmt"/>
      <line num="53" count="6" type="stmt"/>
      <line num="54" count="3" type="stmt"/>
      <line num="55" count="0" type="stmt"/>
      <line num="56" count="2" type="stmt"/>
      <line num="64" count="1" type="stmt"/>
      <line num="65" count="1" type="stmt"/>
      <line num="73" count="4" type="cond" truecount="2" falsecount="0"/>
      <line num="74" count="3" type="cond" truecount="2" falsecount="0"/>
      <line num="75" count="1" type="stmt"/>
      <line num="77" count="2" type="stmt"/>
      <line num="78" count="2" type="stmt"/>
      <line num="86" count="3" type="cond" truecount="2" falsecount="0"/>
      <line num="87" count="2" type="stmt"/>
      <line num="88" count="2" type="stmt"/>
      <line num="96" count="5" type="cond" truecount="2" falsecount="0"/>
      <line num="97" count="4" type="stmt"/>
      <line num="98" count="4" type="stmt"/>
      <line num="99" count="4" type="stmt"/>
      <line num="100" count="4" type="stmt"/>
      <line num="101" count="4" type="stmt"/>
      <line num="109" count="3" type="cond" truecount="2" falsecount="0"/>
      <line num="110" count="1" type="stmt"/>
      <line num="112" count="2" type="stmt"/>
      <line num="113" count="2" type="stmt"/>
      <line num="114" count="2" type="stmt"/>
      <line num="122" count="12" type="cond" truecount="4" falsecount="0"/>
      <line num="123" count="11" type="stmt"/>
      <line num="131" count="2" type="cond" truecount="4" falsecount="0"/>
      <line num="132" count="1" type="stmt"/>
      <line num="133" count="1" type="stmt"/>
      <line num="134" count="1" type="stmt"/>
      <line num="143" count="2" type="cond" truecount="2" falsecount="0"/>
      <line num="144" count="1" type="cond" truecount="2" falsecount="0"/>
      <line num="145" count="1" type="stmt"/>
      <line num="146" count="1" type="stmt"/>
      <line num="147" count="1" type="stmt"/>
      <line num="151" count="2" type="stmt"/>
      <line num="163" count="1" type="stmt"/>
    </file>
    <file name="Claim.js" path="C:\Users\Unpre\OneDrive\Documents\campus-lost-and-found\src\Claim.js">
      <metrics statements="47" coveredstatements="0" conditionals="22" coveredconditionals="0" methods="15" coveredmethods="0"/>
      <line num="8" count="0" type="stmt"/>
      <line num="10" count="0" type="stmt"/>
      <line num="11" count="0" type="stmt"/>
      <line num="15" count="0" type="cond" truecount="0" falsecount="2"/>
      <line num="16" count="0" type="cond" truecount="0" falsecount="2"/>
      <line num="17" count="0" type="cond" truecount="0" falsecount="4"/>
      <line num="18" count="0" type="stmt"/>
      <line num="21" count="0" type="stmt"/>
      <line num="22" count="0" type="stmt"/>
      <line num="23" count="0" type="stmt"/>
      <line num="24" count="0" type="stmt"/>
      <line num="25" count="0" type="stmt"/>
      <line num="26" count="0" type="stmt"/>
      <line num="27" count="0" type="stmt"/>
      <line num="28" count="0" type="stmt"/>
      <line num="31" count="0" type="stmt"/>
      <line num="32" count="0" type="stmt"/>
      <line num="33" count="0" type="stmt"/>
      <line num="34" count="0" type="stmt"/>
      <line num="35" count="0" type="stmt"/>
      <line num="36" count="0" type="stmt"/>
      <line num="37" count="0" type="stmt"/>
      <line num="38" count="0" type="stmt"/>
      <line num="41" count="0" type="cond" truecount="0" falsecount="2"/>
      <line num="42" count="0" type="stmt"/>
      <line num="44" count="0" type="stmt"/>
      <line num="48" count="0" type="cond" truecount="0" falsecount="2"/>
      <line num="49" count="0" type="stmt"/>
      <line num="51" count="0" type="stmt"/>
      <line num="55" count="0" type="cond" truecount="0" falsecount="2"/>
      <line num="56" count="0" type="stmt"/>
      <line num="58" count="0" type="stmt"/>
      <line num="59" count="0" type="stmt"/>
      <line num="63" count="0" type="cond" truecount="0" falsecount="4"/>
      <line num="64" count="0" type="stmt"/>
      <line num="66" count="0" type="cond" truecount="0" falsecount="2"/>
      <line num="67" count="0" type="stmt"/>
      <line num="69" count="0" type="stmt"/>
      <line num="70" count="0" type="stmt"/>
      <line num="71" count="0" type="stmt"/>
      <line num="75" count="0" type="cond" truecount="0" falsecount="2"/>
      <line num="76" count="0" type="stmt"/>
      <line num="78" count="0" type="stmt"/>
      <line num="79" count="0" type="stmt"/>
      <line num="80" count="0" type="stmt"/>
      <line num="84" count="0" type="stmt"/>
      <line num="97" count="0" type="stmt"/>
    </file>
    <file name="ItemReport.js" path="C:\Users\Unpre\OneDrive\Documents\campus-lost-and-found\src\ItemReport.js">
      <metrics statements="65" coveredstatements="58" conditionals="33" coveredconditionals="27" methods="23" coveredmethods="16"/>
      <line num="14" count="1" type="stmt"/>
      <line num="16" count="1" type="stmt"/>
      <line num="17" count="1" type="stmt"/>
      <line num="18" count="1" type="stmt"/>
      <line num="32" count="22" type="stmt"/>
      <line num="34" count="21" type="cond" truecount="2" falsecount="0"/>
      <line num="36" count="20" type="stmt"/>
      <line num="37" count="20" type="stmt"/>
      <line num="38" count="20" type="stmt"/>
      <line num="39" count="20" type="stmt"/>
      <line num="40" count="20" type="stmt"/>
      <line num="41" count="20" type="cond" truecount="2" falsecount="0"/>
      <line num="42" count="20" type="stmt"/>
      <line num="43" count="20" type="stmt"/>
      <line num="44" count="20" type="stmt"/>
      <line num="45" count="20" type="stmt"/>
      <line num="46" count="20" type="stmt"/>
      <line num="47" count="20" type="stmt"/>
      <line num="48" count="20" type="stmt"/>
      <line num="53" count="0" type="stmt"/>
      <line num="54" count="0" type="stmt"/>
      <line num="55" count="1" type="stmt"/>
      <line num="56" count="3" type="stmt"/>
      <line num="57" count="0" type="stmt"/>
      <line num="58" count="1" type="stmt"/>
      <line num="59" count="1" type="stmt"/>
      <line num="60" count="0" type="stmt"/>
      <line num="61" count="0" type="stmt"/>
      <line num="62" count="4" type="stmt"/>
      <line num="63" count="0" type="stmt"/>
      <line num="71" count="1" type="stmt"/>
      <line num="78" count="1" type="stmt"/>
      <line num="79" count="1" type="stmt"/>
      <line num="87" count="3" type="cond" truecount="2" falsecount="0"/>
      <line num="88" count="1" type="stmt"/>
      <line num="90" count="2" type="stmt"/>
      <line num="91" count="2" type="cond" truecount="1" falsecount="1"/>
      <line num="92" count="2" type="cond" truecount="1" falsecount="1"/>
      <line num="93" count="2" type="cond" truecount="1" falsecount="1"/>
      <line num="94" count="2" type="cond" truecount="2" falsecount="0"/>
      <line num="95" count="2" type="cond" truecount="1" falsecount="1"/>
      <line num="96" count="2" type="stmt"/>
      <line num="103" count="1" type="stmt"/>
      <line num="110" count="6" type="cond" truecount="2" falsecount="0"/>
      <line num="111" count="5" type="stmt"/>
      <line num="112" count="5" type="stmt"/>
      <line num="119" count="3" type="cond" truecount="2" falsecount="0"/>
      <line num="120" count="2" type="stmt"/>
      <line num="128" count="3" type="stmt"/>
      <line num="129" count="3" type="stmt"/>
      <line num="130" count="3" type="stmt"/>
      <line num="131" count="3" type="cond" truecount="2" falsecount="0"/>
      <line num="139" count="0" type="stmt"/>
      <line num="147" count="4" type="cond" truecount="2" falsecount="0"/>
      <line num="148" count="1" type="stmt"/>
      <line num="150" count="3" type="cond" truecount="2" falsecount="0"/>
      <line num="151" count="1" type="stmt"/>
      <line num="153" count="2" type="stmt"/>
      <line num="154" count="2" type="stmt"/>
      <line num="157" count="1" type="stmt"/>
      <line num="160" count="2" type="stmt"/>
      <line num="179" count="23" type="stmt"/>
      <line num="180" count="132" type="cond" truecount="5" falsecount="0"/>
      <line num="181" count="1" type="stmt"/>
      <line num="187" count="1" type="stmt"/>
    </file>
    <file name="Lecturer.js" path="C:\Users\Unpre\OneDrive\Documents\campus-lost-and-found\src\Lecturer.js">
      <metrics statements="17" coveredstatements="16" conditionals="8" coveredconditionals="5" methods="7" coveredmethods="6"/>
      <line num="9" count="1" type="stmt"/>
      <line num="19" count="6" type="stmt"/>
      <line num="20" count="6" type="cond" truecount="2" falsecount="0"/>
      <line num="21" count="5" type="stmt"/>
      <line num="22" count="5" type="stmt"/>
      <line num="23" count="5" type="stmt"/>
      <line num="24" count="5" type="stmt"/>
      <line num="29" count="0" type="stmt"/>
      <line num="30" count="1" type="stmt"/>
      <line num="38" count="1" type="cond" truecount="1" falsecount="1"/>
      <line num="39" count="1" type="stmt"/>
      <line num="46" count="1" type="cond" truecount="1" falsecount="1"/>
      <line num="47" count="1" type="stmt"/>
      <line num="54" count="1" type="cond" truecount="1" falsecount="1"/>
      <line num="55" count="1" type="stmt"/>
      <line num="59" count="1" type="stmt"/>
      <line num="67" count="1" type="stmt"/>
    </file>
    <file name="Notification.js" path="C:\Users\Unpre\OneDrive\Documents\campus-lost-and-found\src\Notification.js">
      <metrics statements="29" coveredstatements="26" conditionals="16" coveredconditionals="15" methods="12" coveredmethods="9"/>
      <line num="8" count="1" type="stmt"/>
      <line num="10" count="1" type="stmt"/>
      <line num="14" count="18" type="cond" truecount="2" falsecount="0"/>
      <line num="15" count="17" type="cond" truecount="1" falsecount="1"/>
      <line num="16" count="17" type="cond" truecount="2" falsecount="0"/>
      <line num="18" count="16" type="stmt"/>
      <line num="19" count="16" type="stmt"/>
      <line num="20" count="16" type="stmt"/>
      <line num="21" count="16" type="stmt"/>
      <line num="22" count="16" type="stmt"/>
      <line num="23" count="16" type="stmt"/>
      <line num="24" count="16" type="stmt"/>
      <line num="25" count="16" type="stmt"/>
      <line num="28" count="3" type="stmt"/>
      <line num="29" count="5" type="stmt"/>
      <line num="30" count="2" type="stmt"/>
      <line num="31" count="0" type="stmt"/>
      <line num="32" count="0" type="stmt"/>
      <line num="35" count="3" type="cond" truecount="2" falsecount="0"/>
      <line num="36" count="2" type="stmt"/>
      <line num="39" count="4" type="stmt"/>
      <line num="42" count="2" type="cond" truecount="2" falsecount="0"/>
      <line num="43" count="3" type="stmt"/>
      <line num="47" count="6" type="cond" truecount="2" falsecount="0"/>
      <line num="48" count="5" type="cond" truecount="2" falsecount="0"/>
      <line num="49" count="4" type="stmt"/>
      <line num="50" count="4" type="cond" truecount="2" falsecount="0"/>
      <line num="54" count="0" type="stmt"/>
      <line num="67" count="1" type="stmt"/>
    </file>
    <file name="Student.js" path="C:\Users\Unpre\OneDrive\Documents\campus-lost-and-found\src\Student.js">
      <metrics statements="21" coveredstatements="19" conditionals="12" coveredconditionals="10" methods="10" coveredmethods="8"/>
      <line num="9" count="1" type="stmt"/>
      <line num="19" count="9" type="stmt"/>
      <line num="20" count="9" type="cond" truecount="2" falsecount="0"/>
      <line num="21" count="8" type="stmt"/>
      <line num="22" count="8" type="stmt"/>
      <line num="23" count="8" type="stmt"/>
      <line num="24" count="8" type="stmt"/>
      <line num="29" count="0" type="stmt"/>
      <line num="30" count="0" type="stmt"/>
      <line num="31" count="3" type="stmt"/>
      <line num="32" count="1" type="stmt"/>
      <line num="41" count="2" type="cond" truecount="2" falsecount="0"/>
      <line num="42" count="1" type="stmt"/>
      <line num="50" count="1" type="cond" truecount="1" falsecount="1"/>
      <line num="51" count="1" type="stmt"/>
      <line num="59" count="1" type="cond" truecount="1" falsecount="1"/>
      <line num="60" count="1" type="stmt"/>
      <line num="68" count="2" type="cond" truecount="4" falsecount="0"/>
      <line num="69" count="1" type="stmt"/>
      <line num="73" count="1" type="stmt"/>
      <line num="83" count="1" type="stmt"/>
    </file>
    <file name="User.js" path="C:\Users\Unpre\OneDrive\Documents\campus-lost-and-found\src\User.js">
      <metrics statements="59" coveredstatements="56" conditionals="27" coveredconditionals="26" methods="19" coveredmethods="16"/>
      <line num="10" count="2" type="stmt"/>
      <line num="11" count="2" type="stmt"/>
      <line num="13" count="2" type="stmt"/>
      <line num="14" count="2" type="stmt"/>
      <line num="15" count="2" type="stmt"/>
      <line num="25" count="51" type="cond" truecount="5" falsecount="0"/>
      <line num="26" count="3" type="stmt"/>
      <line num="28" count="48" type="cond" truecount="2" falsecount="0"/>
      <line num="29" count="1" type="stmt"/>
      <line num="32" count="47" type="stmt"/>
      <line num="33" count="47" type="stmt"/>
      <line num="34" count="47" type="stmt"/>
      <line num="35" count="47" type="stmt"/>
      <line num="36" count="47" type="stmt"/>
      <line num="37" count="47" type="stmt"/>
      <line num="38" count="47" type="stmt"/>
      <line num="39" count="47" type="stmt"/>
      <line num="40" count="47" type="stmt"/>
      <line num="41" count="47" type="stmt"/>
      <line num="42" count="47" type="stmt"/>
      <line num="47" count="0" type="stmt"/>
      <line num="48" count="2" type="stmt"/>
      <line num="49" count="2" type="stmt"/>
      <line num="50" count="4" type="stmt"/>
      <line num="51" count="3" type="stmt"/>
      <line num="52" count="4" type="stmt"/>
      <line num="53" count="4" type="stmt"/>
      <line num="54" count="0" type="stmt"/>
      <line num="55" count="1" type="stmt"/>
      <line num="65" count="12" type="cond" truecount="2" falsecount="0"/>
      <line num="66" count="11" type="stmt"/>
      <line num="67" count="11" type="stmt"/>
      <line num="77" count="10" type="cond" truecount="2" falsecount="0"/>
      <line num="78" count="1" type="stmt"/>
      <line num="80" count="9" type="cond" truecount="2" falsecount="0"/>
      <line num="82" count="8" type="stmt"/>
      <line num="83" count="8" type="cond" truecount="2" falsecount="0"/>
      <line num="84" count="6" type="stmt"/>
      <line num="85" count="6" type="cond" truecount="2" falsecount="0"/>
      <line num="86" count="1" type="stmt"/>
      <line num="87" count="1" type="stmt"/>
      <line num="88" count="1" type="stmt"/>
      <line num="90" count="6" type="stmt"/>
      <line num="94" count="2" type="stmt"/>
      <line num="95" count="2" type="stmt"/>
      <line num="96" count="2" type="stmt"/>
      <line num="104" count="0" type="stmt"/>
      <line num="111" count="1" type="stmt"/>
      <line num="120" count="3" type="cond" truecount="4" falsecount="0"/>
      <line num="121" count="1" type="stmt"/>
      <line num="123" count="2" type="stmt"/>
      <line num="124" count="2" type="stmt"/>
      <line num="125" count="2" type="stmt"/>
      <line num="133" count="2" type="cond" truecount="2" falsecount="0"/>
      <line num="141" count="2" type="stmt"/>
      <line num="148" count="5" type="stmt"/>
      <line num="164" count="10" type="cond" truecount="2" falsecount="0"/>
      <line num="165" count="1" type="stmt"/>
      <line num="169" count="2" type="stmt"/>
    </file>
    <file name="UserSession.js" path="C:\Users\Unpre\OneDrive\Documents\campus-lost-and-found\src\UserSession.js">
      <metrics statements="49" coveredstatements="41" conditionals="18" coveredconditionals="14" methods="14" coveredmethods="11"/>
      <line num="14" count="1" type="stmt"/>
      <line num="16" count="1" type="stmt"/>
      <line num="17" count="1" type="stmt"/>
      <line num="18" count="1" type="stmt"/>
      <line num="20" count="1" type="stmt"/>
      <line num="28" count="14" type="cond" truecount="2" falsecount="0"/>
      <line num="29" count="13" type="cond" truecount="2" falsecount="0"/>
      <line num="31" count="12" type="stmt"/>
      <line num="32" count="12" type="stmt"/>
      <line num="33" count="12" type="stmt"/>
      <line num="34" count="12" type="stmt"/>
      <line num="35" count="12" type="stmt"/>
      <line num="36" count="12" type="stmt"/>
      <line num="37" count="12" type="stmt"/>
      <line num="42" count="0" type="stmt"/>
      <line num="43" count="0" type="stmt"/>
      <line num="44" count="2" type="stmt"/>
      <line num="45" count="4" type="stmt"/>
      <line num="46" count="0" type="stmt"/>
      <line num="47" count="2" type="stmt"/>
      <line num="55" count="1" type="stmt"/>
      <line num="56" count="1" type="stmt"/>
      <line num="57" count="1" type="stmt"/>
      <line num="66" count="3" type="cond" truecount="2" falsecount="0"/>
      <line num="67" count="2" type="stmt"/>
      <line num="68" count="2" type="stmt"/>
      <line num="75" count="3" type="cond" truecount="2" falsecount="0"/>
      <line num="76" count="2" type="stmt"/>
      <line num="78" count="1" type="stmt"/>
      <line num="79" count="1" type="stmt"/>
      <line num="80" count="1" type="stmt"/>
      <line num="87" count="2" type="stmt"/>
      <line num="88" count="2" type="stmt"/>
      <line num="96" count="4" type="stmt"/>
      <line num="100" count="1" type="stmt"/>
      <line num="113" count="2" type="stmt"/>
      <line num="114" count="2" type="stmt"/>
      <line num="116" count="2" type="cond" truecount="2" falsecount="0"/>
      <line num="117" count="1" type="stmt"/>
      <line num="118" count="1" type="stmt"/>
      <line num="120" count="1" type="cond" truecount="2" falsecount="2"/>
      <line num="121" count="0" type="stmt"/>
      <line num="122" count="0" type="stmt"/>
      <line num="124" count="1" type="cond" truecount="1" falsecount="1"/>
      <line num="125" count="0" type="stmt"/>
      <line num="126" count="0" type="stmt"/>
      <line num="128" count="1" type="cond" truecount="1" falsecount="1"/>
      <line num="129" count="0" type="stmt"/>
      <line num="134" count="1" type="stmt"/>
    </file>
    <file name="image.js" path="C:\Users\Unpre\OneDrive\Documents\campus-lost-and-found\src\image.js">
      <metrics statements="43" coveredstatements="0" conditionals="23" coveredconditionals="0" methods="14" coveredmethods="0"/>
      <line num="14" count="0" type="stmt"/>
      <line num="16" count="0" type="stmt"/>
      <line num="17" count="0" type="stmt"/>
      <line num="28" count="0" type="cond" truecount="0" falsecount="2"/>
      <line num="30" count="0" type="stmt"/>
      <line num="31" count="0" type="stmt"/>
      <line num="32" count="0" type="cond" truecount="0" falsecount="2"/>
      <line num="33" count="0" type="cond" truecount="0" falsecount="2"/>
      <line num="34" count="0" type="cond" truecount="0" falsecount="2"/>
      <line num="35" count="0" type="cond" truecount="0" falsecount="2"/>
      <line num="36" count="0" type="stmt"/>
      <line num="37" count="0" type="stmt"/>
      <line num="42" count="0" type="stmt"/>
      <line num="43" count="0" type="stmt"/>
      <line num="44" count="0" type="stmt"/>
      <line num="45" count="0" type="stmt"/>
      <line num="46" count="0" type="stmt"/>
      <line num="47" count="0" type="stmt"/>
      <line num="48" count="0" type="stmt"/>
      <line num="49" count="0" type="stmt"/>
      <line num="59" count="0" type="cond" truecount="0" falsecount="2"/>
      <line num="68" count="0" type="cond" truecount="0" falsecount="3"/>
      <line num="78" count="0" type="stmt"/>
      <line num="80" count="0" type="cond" truecount="0" falsecount="2"/>
      <line num="81" count="0" type="stmt"/>
      <line num="83" count="0" type="cond" truecount="0" falsecount="2"/>
      <line num="84" count="0" type="stmt"/>
      <line num="86" count="0" type="cond" truecount="0" falsecount="2"/>
      <line num="88" count="0" type="stmt"/>
      <line num="89" count="0" type="stmt"/>
      <line num="90" count="0" type="stmt"/>
      <line num="91" count="0" type="stmt"/>
      <line num="92" count="0" type="stmt"/>
      <line num="93" count="0" type="stmt"/>
      <line num="95" count="0" type="stmt"/>
      <line num="102" count="0" type="cond" truecount="0" falsecount="2"/>
      <line num="103" count="0" type="stmt"/>
      <line num="104" count="0" type="stmt"/>
      <line num="105" count="0" type="stmt"/>
      <line num="106" count="0" type="stmt"/>
      <line num="107" count="0" type="stmt"/>
      <line num="111" count="0" type="stmt"/>
      <line num="124" count="0" type="stmt"/>
    </file>
  </project>
</coverage>
