{"C:\\Users\\Unpre\\OneDrive\\Documents\\campus-lost-and-found\\creational_patterns\\DatabaseConnection.js": {"path":"C:\\Users\\Unpre\\OneDrive\\Documents\\campus-lost-and-found\\creational_patterns\\DatabaseConnection.js","statementMap":{"0":{"start":{"line":21,"column":16},"end":{"line":21,"column":20}},"1":{"start":{"line":29,"column":4},"end":{"line":33,"column":5}},"2":{"start":{"line":30,"column":6},"end":{"line":32,"column":8}},"3":{"start":{"line":35,"column":4},"end":{"line":44,"column":6}},"4":{"start":{"line":48,"column":4},"end":{"line":48,"column":48}},"5":{"start":{"line":49,"column":4},"end":{"line":49,"column":30}},"6":{"start":{"line":50,"column":4},"end":{"line":50,"column":25}},"7":{"start":{"line":61,"column":4},"end":{"line":63,"column":5}},"8":{"start":{"line":62,"column":6},"end":{"line":62,"column":49}},"9":{"start":{"line":64,"column":4},"end":{"line":64,"column":21}},"10":{"start":{"line":71,"column":4},"end":{"line":71,"column":21}},"11":{"start":{"line":81,"column":4},"end":{"line":81,"column":22}},"12":{"start":{"line":91,"column":4},"end":{"line":91,"column":26}},"13":{"start":{"line":93,"column":4},"end":{"line":93,"column":66}},"14":{"start":{"line":102,"column":4},"end":{"line":102,"column":29}},"15":{"start":{"line":103,"column":4},"end":{"line":103,"column":16}},"16":{"start":{"line":112,"column":4},"end":{"line":112,"column":30}},"17":{"start":{"line":113,"column":4},"end":{"line":113,"column":40}},"18":{"start":{"line":116,"column":22},"end":{"line":116,"column":47}},"19":{"start":{"line":117,"column":22},"end":{"line":117,"column":46}},"20":{"start":{"line":118,"column":22},"end":{"line":118,"column":66}},"21":{"start":{"line":124,"column":4},"end":{"line":124,"column":41}},"22":{"start":{"line":128,"column":0},"end":{"line":128,"column":36}}},"fnMap":{"0":{"name":"(anonymous_0)","decl":{"start":{"line":28,"column":2},"end":{"line":28,"column":3}},"loc":{"start":{"line":28,"column":27},"end":{"line":51,"column":3}},"line":28},"1":{"name":"(anonymous_1)","decl":{"start":{"line":60,"column":2},"end":{"line":60,"column":3}},"loc":{"start":{"line":60,"column":34},"end":{"line":65,"column":3}},"line":60},"2":{"name":"(anonymous_2)","decl":{"start":{"line":70,"column":2},"end":{"line":70,"column":3}},"loc":{"start":{"line":70,"column":26},"end":{"line":72,"column":3}},"line":70},"3":{"name":"(anonymous_3)","decl":{"start":{"line":80,"column":2},"end":{"line":80,"column":3}},"loc":{"start":{"line":80,"column":12},"end":{"line":82,"column":3}},"line":80},"4":{"name":"(anonymous_4)","decl":{"start":{"line":90,"column":2},"end":{"line":90,"column":3}},"loc":{"start":{"line":90,"column":33},"end":{"line":94,"column":3}},"line":90},"5":{"name":"(anonymous_5)","decl":{"start":{"line":100,"column":2},"end":{"line":100,"column":3}},"loc":{"start":{"line":100,"column":18},"end":{"line":104,"column":3}},"line":100},"6":{"name":"(anonymous_6)","decl":{"start":{"line":110,"column":2},"end":{"line":110,"column":3}},"loc":{"start":{"line":110,"column":21},"end":{"line":114,"column":3}},"line":110},"7":{"name":"(anonymous_7)","decl":{"start":{"line":116,"column":2},"end":{"line":116,"column":3}},"loc":{"start":{"line":116,"column":20},"end":{"line":116,"column":49}},"line":116},"8":{"name":"(anonymous_8)","decl":{"start":{"line":117,"column":2},"end":{"line":117,"column":3}},"loc":{"start":{"line":117,"column":20},"end":{"line":117,"column":48}},"line":117},"9":{"name":"(anonymous_9)","decl":{"start":{"line":118,"column":2},"end":{"line":118,"column":3}},"loc":{"start":{"line":118,"column":20},"end":{"line":118,"column":68}},"line":118},"10":{"name":"(anonymous_10)","decl":{"start":{"line":122,"column":2},"end":{"line":122,"column":3}},"loc":{"start":{"line":122,"column":22},"end":{"line":125,"column":3}},"line":122}},"branchMap":{"0":{"loc":{"start":{"line":28,"column":14},"end":{"line":28,"column":25}},"type":"default-arg","locations":[{"start":{"line":28,"column":23},"end":{"line":28,"column":25}}],"line":28},"1":{"loc":{"start":{"line":29,"column":4},"end":{"line":33,"column":5}},"type":"if","locations":[{"start":{"line":29,"column":4},"end":{"line":33,"column":5}},{"start":{},"end":{}}],"line":29},"2":{"loc":{"start":{"line":36,"column":12},"end":{"line":36,"column":61}},"type":"binary-expr","locations":[{"start":{"line":36,"column":12},"end":{"line":36,"column":23}},{"start":{"line":36,"column":27},"end":{"line":36,"column":46}},{"start":{"line":36,"column":50},"end":{"line":36,"column":61}}],"line":36},"3":{"loc":{"start":{"line":37,"column":12},"end":{"line":37,"column":54}},"type":"binary-expr","locations":[{"start":{"line":37,"column":12},"end":{"line":37,"column":23}},{"start":{"line":37,"column":27},"end":{"line":37,"column":46}},{"start":{"line":37,"column":50},"end":{"line":37,"column":54}}],"line":37},"4":{"loc":{"start":{"line":38,"column":16},"end":{"line":38,"column":65}},"type":"binary-expr","locations":[{"start":{"line":38,"column":16},"end":{"line":38,"column":31}},{"start":{"line":38,"column":35},"end":{"line":38,"column":54}},{"start":{"line":38,"column":58},"end":{"line":38,"column":65}}],"line":38},"5":{"loc":{"start":{"line":39,"column":12},"end":{"line":39,"column":60}},"type":"binary-expr","locations":[{"start":{"line":39,"column":12},"end":{"line":39,"column":23}},{"start":{"line":39,"column":27},"end":{"line":39,"column":46}},{"start":{"line":39,"column":50},"end":{"line":39,"column":60}}],"line":39},"6":{"loc":{"start":{"line":40,"column":16},"end":{"line":40,"column":64}},"type":"binary-expr","locations":[{"start":{"line":40,"column":16},"end":{"line":40,"column":31}},{"start":{"line":40,"column":35},"end":{"line":40,"column":58}},{"start":{"line":40,"column":62},"end":{"line":40,"column":64}}],"line":40},"7":{"loc":{"start":{"line":41,"column":11},"end":{"line":41,"column":27}},"type":"binary-expr","locations":[{"start":{"line":41,"column":11},"end":{"line":41,"column":21}},{"start":{"line":41,"column":25},"end":{"line":41,"column":27}}],"line":41},"8":{"loc":{"start":{"line":60,"column":21},"end":{"line":60,"column":32}},"type":"default-arg","locations":[{"start":{"line":60,"column":30},"end":{"line":60,"column":32}}],"line":60},"9":{"loc":{"start":{"line":61,"column":4},"end":{"line":63,"column":5}},"type":"if","locations":[{"start":{"line":61,"column":4},"end":{"line":63,"column":5}},{"start":{},"end":{}}],"line":61},"10":{"loc":{"start":{"line":90,"column":20},"end":{"line":90,"column":31}},"type":"default-arg","locations":[{"start":{"line":90,"column":29},"end":{"line":90,"column":31}}],"line":90}},"s":{"0":0,"1":0,"2":0,"3":0,"4":0,"5":0,"6":0,"7":0,"8":0,"9":0,"10":0,"11":0,"12":0,"13":0,"14":0,"15":0,"16":0,"17":0,"18":0,"19":0,"20":0,"21":0,"22":0},"f":{"0":0,"1":0,"2":0,"3":0,"4":0,"5":0,"6":0,"7":0,"8":0,"9":0,"10":0},"b":{"0":[0],"1":[0,0],"2":[0,0,0],"3":[0,0,0],"4":[0,0,0],"5":[0,0,0],"6":[0,0,0],"7":[0,0],"8":[0],"9":[0,0],"10":[0]}}
,"C:\\Users\\Unpre\\OneDrive\\Documents\\campus-lost-and-found\\creational_patterns\\ItemReportAbstractFactory.js": {"path":"C:\\Users\\Unpre\\OneDrive\\Documents\\campus-lost-and-found\\creational_patterns\\ItemReportAbstractFactory.js","statementMap":{"0":{"start":{"line":21,"column":19},"end":{"line":21,"column":47}},"1":{"start":{"line":22,"column":18},"end":{"line":22,"column":45}},"2":{"start":{"line":39,"column":4},"end":{"line":39,"column":70}},"3":{"start":{"line":47,"column":19},"end":{"line":49,"column":5}},"4":{"start":{"line":50,"column":22},"end":{"line":50,"column":59}},"5":{"start":{"line":51,"column":4},"end":{"line":51,"column":25}},"6":{"start":{"line":52,"column":4},"end":{"line":52,"column":33}},"7":{"start":{"line":60,"column":19},"end":{"line":62,"column":5}},"8":{"start":{"line":63,"column":22},"end":{"line":63,"column":59}},"9":{"start":{"line":64,"column":4},"end":{"line":64,"column":25}},"10":{"start":{"line":65,"column":4},"end":{"line":65,"column":61}},"11":{"start":{"line":66,"column":4},"end":{"line":66,"column":33}},"12":{"start":{"line":70,"column":0},"end":{"line":74,"column":2}}},"fnMap":{"0":{"name":"(anonymous_0)","decl":{"start":{"line":38,"column":2},"end":{"line":38,"column":3}},"loc":{"start":{"line":38,"column":87},"end":{"line":40,"column":3}},"line":38},"1":{"name":"(anonymous_1)","decl":{"start":{"line":46,"column":2},"end":{"line":46,"column":3}},"loc":{"start":{"line":46,"column":87},"end":{"line":53,"column":3}},"line":46},"2":{"name":"(anonymous_2)","decl":{"start":{"line":59,"column":2},"end":{"line":59,"column":3}},"loc":{"start":{"line":59,"column":87},"end":{"line":67,"column":3}},"line":59}},"branchMap":{},"s":{"0":1,"1":1,"2":0,"3":3,"4":3,"5":3,"6":3,"7":2,"8":2,"9":2,"10":2,"11":2,"12":1},"f":{"0":0,"1":3,"2":2},"b":{},"_coverageSchema":"1a1c01bbd47fc00a2c39e90264f33305004495a9","hash":"472f915dea0eb002692b19263044210d9940f7c0"}
,"C:\\Users\\Unpre\\OneDrive\\Documents\\campus-lost-and-found\\creational_patterns\\ItemReportBuilder.js": {"path":"C:\\Users\\Unpre\\OneDrive\\Documents\\campus-lost-and-found\\creational_patterns\\ItemReportBuilder.js","statementMap":{"0":{"start":{"line":19,"column":19},"end":{"line":19,"column":47}},"1":{"start":{"line":23,"column":4},"end":{"line":23,"column":24}},"2":{"start":{"line":24,"column":4},"end":{"line":24,"column":22}},"3":{"start":{"line":25,"column":4},"end":{"line":25,"column":23}},"4":{"start":{"line":26,"column":4},"end":{"line":26,"column":29}},"5":{"start":{"line":27,"column":4},"end":{"line":27,"column":31}},"6":{"start":{"line":28,"column":4},"end":{"line":28,"column":26}},"7":{"start":{"line":29,"column":4},"end":{"line":29,"column":31}},"8":{"start":{"line":30,"column":4},"end":{"line":30,"column":26}},"9":{"start":{"line":33,"column":32},"end":{"line":33,"column":54}},"10":{"start":{"line":33,"column":69},"end":{"line":33,"column":81}},"11":{"start":{"line":34,"column":32},"end":{"line":34,"column":50}},"12":{"start":{"line":34,"column":69},"end":{"line":34,"column":81}},"13":{"start":{"line":35,"column":32},"end":{"line":35,"column":52}},"14":{"start":{"line":35,"column":69},"end":{"line":35,"column":81}},"15":{"start":{"line":36,"column":32},"end":{"line":36,"column":64}},"16":{"start":{"line":36,"column":69},"end":{"line":36,"column":81}},"17":{"start":{"line":37,"column":32},"end":{"line":37,"column":58}},"18":{"start":{"line":37,"column":69},"end":{"line":37,"column":81}},"19":{"start":{"line":38,"column":32},"end":{"line":38,"column":58}},"20":{"start":{"line":38,"column":69},"end":{"line":38,"column":81}},"21":{"start":{"line":39,"column":32},"end":{"line":39,"column":59}},"22":{"start":{"line":39,"column":69},"end":{"line":39,"column":81}},"23":{"start":{"line":40,"column":32},"end":{"line":40,"column":58}},"24":{"start":{"line":40,"column":69},"end":{"line":40,"column":81}},"25":{"start":{"line":47,"column":21},"end":{"line":54,"column":5}},"26":{"start":{"line":56,"column":4},"end":{"line":58,"column":5}},"27":{"start":{"line":57,"column":6},"end":{"line":57,"column":100}},"28":{"start":{"line":57,"column":16},"end":{"line":57,"column":100}},"29":{"start":{"line":60,"column":4},"end":{"line":69,"column":6}},"30":{"start":{"line":76,"column":4},"end":{"line":76,"column":24}},"31":{"start":{"line":77,"column":4},"end":{"line":77,"column":22}},"32":{"start":{"line":78,"column":4},"end":{"line":78,"column":23}},"33":{"start":{"line":79,"column":4},"end":{"line":79,"column":29}},"34":{"start":{"line":80,"column":4},"end":{"line":80,"column":31}},"35":{"start":{"line":81,"column":4},"end":{"line":81,"column":26}},"36":{"start":{"line":82,"column":4},"end":{"line":82,"column":31}},"37":{"start":{"line":83,"column":4},"end":{"line":83,"column":26}},"38":{"start":{"line":84,"column":4},"end":{"line":84,"column":16}},"39":{"start":{"line":96,"column":4},"end":{"line":96,"column":28}},"40":{"start":{"line":103,"column":4},"end":{"line":111,"column":15}},"41":{"start":{"line":118,"column":4},"end":{"line":128,"column":15}},"42":{"start":{"line":132,"column":0},"end":{"line":132,"column":59}}},"fnMap":{"0":{"name":"(anonymous_0)","decl":{"start":{"line":22,"column":2},"end":{"line":22,"column":3}},"loc":{"start":{"line":22,"column":16},"end":{"line":31,"column":3}},"line":22},"1":{"name":"(anonymous_1)","decl":{"start":{"line":33,"column":2},"end":{"line":33,"column":3}},"loc":{"start":{"line":33,"column":30},"end":{"line":33,"column":83}},"line":33},"2":{"name":"(anonymous_2)","decl":{"start":{"line":34,"column":2},"end":{"line":34,"column":3}},"loc":{"start":{"line":34,"column":30},"end":{"line":34,"column":83}},"line":34},"3":{"name":"(anonymous_3)","decl":{"start":{"line":35,"column":2},"end":{"line":35,"column":3}},"loc":{"start":{"line":35,"column":30},"end":{"line":35,"column":83}},"line":35},"4":{"name":"(anonymous_4)","decl":{"start":{"line":36,"column":2},"end":{"line":36,"column":3}},"loc":{"start":{"line":36,"column":30},"end":{"line":36,"column":83}},"line":36},"5":{"name":"(anonymous_5)","decl":{"start":{"line":37,"column":2},"end":{"line":37,"column":3}},"loc":{"start":{"line":37,"column":30},"end":{"line":37,"column":83}},"line":37},"6":{"name":"(anonymous_6)","decl":{"start":{"line":38,"column":2},"end":{"line":38,"column":3}},"loc":{"start":{"line":38,"column":30},"end":{"line":38,"column":83}},"line":38},"7":{"name":"(anonymous_7)","decl":{"start":{"line":39,"column":2},"end":{"line":39,"column":3}},"loc":{"start":{"line":39,"column":30},"end":{"line":39,"column":83}},"line":39},"8":{"name":"(anonymous_8)","decl":{"start":{"line":40,"column":2},"end":{"line":40,"column":3}},"loc":{"start":{"line":40,"column":30},"end":{"line":40,"column":83}},"line":40},"9":{"name":"(anonymous_9)","decl":{"start":{"line":46,"column":2},"end":{"line":46,"column":3}},"loc":{"start":{"line":46,"column":10},"end":{"line":70,"column":3}},"line":46},"10":{"name":"(anonymous_10)","decl":{"start":{"line":75,"column":2},"end":{"line":75,"column":3}},"loc":{"start":{"line":75,"column":10},"end":{"line":85,"column":3}},"line":75},"11":{"name":"(anonymous_11)","decl":{"start":{"line":95,"column":2},"end":{"line":95,"column":3}},"loc":{"start":{"line":95,"column":23},"end":{"line":97,"column":3}},"line":95},"12":{"name":"(anonymous_12)","decl":{"start":{"line":102,"column":2},"end":{"line":102,"column":3}},"loc":{"start":{"line":102,"column":69},"end":{"line":112,"column":3}},"line":102},"13":{"name":"(anonymous_13)","decl":{"start":{"line":117,"column":2},"end":{"line":117,"column":3}},"loc":{"start":{"line":117,"column":87},"end":{"line":129,"column":3}},"line":117}},"branchMap":{"0":{"loc":{"start":{"line":57,"column":6},"end":{"line":57,"column":100}},"type":"if","locations":[{"start":{"line":57,"column":6},"end":{"line":57,"column":100}},{"start":{},"end":{}}],"line":57}},"s":{"0":1,"1":12,"2":12,"3":12,"4":12,"5":12,"6":12,"7":12,"8":12,"9":12,"10":12,"11":12,"12":12,"13":10,"14":10,"15":9,"16":9,"17":3,"18":3,"19":9,"20":9,"21":9,"22":9,"23":2,"24":2,"25":12,"26":12,"27":57,"28":4,"29":8,"30":5,"31":5,"32":5,"33":5,"34":5,"35":5,"36":5,"37":5,"38":5,"39":3,"40":2,"41":2,"42":1},"f":{"0":12,"1":12,"2":12,"3":10,"4":9,"5":3,"6":9,"7":9,"8":2,"9":12,"10":5,"11":3,"12":2,"13":2},"b":{"0":[4,53]},"_coverageSchema":"1a1c01bbd47fc00a2c39e90264f33305004495a9","hash":"348bd22b7c155638471e33751143e6b0a4c48d2f"}
,"C:\\Users\\Unpre\\OneDrive\\Documents\\campus-lost-and-found\\creational_patterns\\ItemReportPrototype.js": {"path":"C:\\Users\\Unpre\\OneDrive\\Documents\\campus-lost-and-found\\creational_patterns\\ItemReportPrototype.js","statementMap":{"0":{"start":{"line":19,"column":19},"end":{"line":19,"column":47}},"1":{"start":{"line":28,"column":4},"end":{"line":30,"column":5}},"2":{"start":{"line":29,"column":6},"end":{"line":29,"column":77}},"3":{"start":{"line":31,"column":4},"end":{"line":31,"column":26}},"4":{"start":{"line":43,"column":17},"end":{"line":43,"column":29}},"5":{"start":{"line":44,"column":4},"end":{"line":53,"column":6}},"6":{"start":{"line":56,"column":17},"end":{"line":56,"column":37}},"7":{"start":{"line":63,"column":4},"end":{"line":63,"column":28}},"8":{"start":{"line":72,"column":4},"end":{"line":72,"column":58}},"9":{"start":{"line":82,"column":18},"end":{"line":82,"column":38}},"10":{"start":{"line":83,"column":4},"end":{"line":83,"column":77}},"11":{"start":{"line":83,"column":16},"end":{"line":83,"column":77}},"12":{"start":{"line":84,"column":4},"end":{"line":84,"column":34}},"13":{"start":{"line":92,"column":4},"end":{"line":92,"column":35}},"14":{"start":{"line":99,"column":16},"end":{"line":99,"column":37}},"15":{"start":{"line":101,"column":2},"end":{"line":112,"column":4}},"16":{"start":{"line":114,"column":2},"end":{"line":125,"column":4}},"17":{"start":{"line":127,"column":2},"end":{"line":138,"column":4}},"18":{"start":{"line":140,"column":2},"end":{"line":140,"column":15}},"19":{"start":{"line":143,"column":0},"end":{"line":143,"column":77}}},"fnMap":{"0":{"name":"(anonymous_0)","decl":{"start":{"line":27,"column":2},"end":{"line":27,"column":3}},"loc":{"start":{"line":27,"column":22},"end":{"line":32,"column":3}},"line":27},"1":{"name":"(anonymous_1)","decl":{"start":{"line":42,"column":2},"end":{"line":42,"column":3}},"loc":{"start":{"line":42,"column":24},"end":{"line":54,"column":3}},"line":42},"2":{"name":"(anonymous_2)","decl":{"start":{"line":56,"column":2},"end":{"line":56,"column":3}},"loc":{"start":{"line":56,"column":15},"end":{"line":56,"column":39}},"line":56},"3":{"name":"(anonymous_3)","decl":{"start":{"line":62,"column":2},"end":{"line":62,"column":3}},"loc":{"start":{"line":62,"column":16},"end":{"line":64,"column":3}},"line":62},"4":{"name":"(anonymous_4)","decl":{"start":{"line":71,"column":2},"end":{"line":71,"column":3}},"loc":{"start":{"line":71,"column":24},"end":{"line":73,"column":3}},"line":71},"5":{"name":"(anonymous_5)","decl":{"start":{"line":81,"column":2},"end":{"line":81,"column":3}},"loc":{"start":{"line":81,"column":29},"end":{"line":85,"column":3}},"line":81},"6":{"name":"(anonymous_6)","decl":{"start":{"line":91,"column":2},"end":{"line":91,"column":3}},"loc":{"start":{"line":91,"column":18},"end":{"line":93,"column":3}},"line":91},"7":{"name":"buildDefaultCache","decl":{"start":{"line":98,"column":9},"end":{"line":98,"column":26}},"loc":{"start":{"line":98,"column":54},"end":{"line":141,"column":1}},"line":98}},"branchMap":{"0":{"loc":{"start":{"line":28,"column":4},"end":{"line":30,"column":5}},"type":"if","locations":[{"start":{"line":28,"column":4},"end":{"line":30,"column":5}},{"start":{},"end":{}}],"line":28},"1":{"loc":{"start":{"line":42,"column":8},"end":{"line":42,"column":22}},"type":"default-arg","locations":[{"start":{"line":42,"column":20},"end":{"line":42,"column":22}}],"line":42},"2":{"loc":{"start":{"line":45,"column":6},"end":{"line":45,"column":44}},"type":"binary-expr","locations":[{"start":{"line":45,"column":6},"end":{"line":45,"column":22}},{"start":{"line":45,"column":33},"end":{"line":45,"column":44}}],"line":45},"3":{"loc":{"start":{"line":47,"column":6},"end":{"line":47,"column":43}},"type":"binary-expr","locations":[{"start":{"line":47,"column":6},"end":{"line":47,"column":21}},{"start":{"line":47,"column":33},"end":{"line":47,"column":43}}],"line":47},"4":{"loc":{"start":{"line":48,"column":6},"end":{"line":48,"column":49}},"type":"binary-expr","locations":[{"start":{"line":48,"column":6},"end":{"line":48,"column":27}},{"start":{"line":48,"column":33},"end":{"line":48,"column":49}}],"line":48},"5":{"loc":{"start":{"line":50,"column":6},"end":{"line":50,"column":46}},"type":"binary-expr","locations":[{"start":{"line":50,"column":6},"end":{"line":50,"column":24}},{"start":{"line":50,"column":33},"end":{"line":50,"column":46}}],"line":50},"6":{"loc":{"start":{"line":51,"column":6},"end":{"line":51,"column":51}},"type":"binary-expr","locations":[{"start":{"line":51,"column":6},"end":{"line":51,"column":29}},{"start":{"line":51,"column":33},"end":{"line":51,"column":51}}],"line":51},"7":{"loc":{"start":{"line":52,"column":6},"end":{"line":52,"column":80}},"type":"cond-expr","locations":[{"start":{"line":52,"column":46},"end":{"line":52,"column":64}},{"start":{"line":52,"column":67},"end":{"line":52,"column":80}}],"line":52},"8":{"loc":{"start":{"line":81,"column":13},"end":{"line":81,"column":27}},"type":"default-arg","locations":[{"start":{"line":81,"column":25},"end":{"line":81,"column":27}}],"line":81},"9":{"loc":{"start":{"line":83,"column":4},"end":{"line":83,"column":77}},"type":"if","locations":[{"start":{"line":83,"column":4},"end":{"line":83,"column":77}},{"start":{},"end":{}}],"line":83},"10":{"loc":{"start":{"line":98,"column":27},"end":{"line":98,"column":52}},"type":"default-arg","locations":[{"start":{"line":98,"column":44},"end":{"line":98,"column":52}}],"line":98}},"s":{"0":0,"1":0,"2":0,"3":0,"4":0,"5":0,"6":0,"7":0,"8":0,"9":0,"10":0,"11":0,"12":0,"13":0,"14":0,"15":0,"16":0,"17":0,"18":0,"19":0},"f":{"0":0,"1":0,"2":0,"3":0,"4":0,"5":0,"6":0,"7":0},"b":{"0":[0,0],"1":[0],"2":[0,0],"3":[0,0],"4":[0,0],"5":[0,0],"6":[0,0],"7":[0,0],"8":[0],"9":[0,0],"10":[0]}}
,"C:\\Users\\Unpre\\OneDrive\\Documents\\campus-lost-and-found\\creational_patterns\\NotificationCreator.js": {"path":"C:\\Users\\Unpre\\OneDrive\\Documents\\campus-lost-and-found\\creational_patterns\\NotificationCreator.js","statementMap":{"0":{"start":{"line":19,"column":21},"end":{"line":19,"column":51}},"1":{"start":{"line":32,"column":4},"end":{"line":32,"column":76}},"2":{"start":{"line":42,"column":25},"end":{"line":42,"column":65}},"3":{"start":{"line":43,"column":4},"end":{"line":43,"column":36}},"4":{"start":{"line":44,"column":4},"end":{"line":44,"column":24}},"5":{"start":{"line":52,"column":20},"end":{"line":52,"column":102}},"6":{"start":{"line":53,"column":4},"end":{"line":53,"column":64}},"7":{"start":{"line":59,"column":20},"end":{"line":59,"column":129}},"8":{"start":{"line":60,"column":4},"end":{"line":60,"column":63}},"9":{"start":{"line":66,"column":20},"end":{"line":66,"column":84}},"10":{"start":{"line":67,"column":4},"end":{"line":67,"column":63}},"11":{"start":{"line":73,"column":20},"end":{"line":73,"column":115}},"12":{"start":{"line":74,"column":4},"end":{"line":74,"column":60}},"13":{"start":{"line":80,"column":20},"end":{"line":80,"column":85}},"14":{"start":{"line":81,"column":4},"end":{"line":81,"column":62}},"15":{"start":{"line":85,"column":0},"end":{"line":92,"column":2}}},"fnMap":{"0":{"name":"(anonymous_0)","decl":{"start":{"line":31,"column":2},"end":{"line":31,"column":3}},"loc":{"start":{"line":31,"column":38},"end":{"line":33,"column":3}},"line":31},"1":{"name":"(anonymous_1)","decl":{"start":{"line":41,"column":2},"end":{"line":41,"column":3}},"loc":{"start":{"line":41,"column":26},"end":{"line":45,"column":3}},"line":41},"2":{"name":"(anonymous_2)","decl":{"start":{"line":51,"column":2},"end":{"line":51,"column":3}},"loc":{"start":{"line":51,"column":58},"end":{"line":54,"column":3}},"line":51},"3":{"name":"(anonymous_3)","decl":{"start":{"line":58,"column":2},"end":{"line":58,"column":3}},"loc":{"start":{"line":58,"column":44},"end":{"line":61,"column":3}},"line":58},"4":{"name":"(anonymous_4)","decl":{"start":{"line":65,"column":2},"end":{"line":65,"column":3}},"loc":{"start":{"line":65,"column":52},"end":{"line":68,"column":3}},"line":65},"5":{"name":"(anonymous_5)","decl":{"start":{"line":72,"column":2},"end":{"line":72,"column":3}},"loc":{"start":{"line":72,"column":44},"end":{"line":75,"column":3}},"line":72},"6":{"name":"(anonymous_6)","decl":{"start":{"line":79,"column":2},"end":{"line":79,"column":3}},"loc":{"start":{"line":79,"column":44},"end":{"line":82,"column":3}},"line":79}},"branchMap":{},"s":{"0":1,"1":1,"2":1,"3":1,"4":1,"5":1,"6":1,"7":2,"8":2,"9":1,"10":1,"11":1,"12":1,"13":1,"14":1,"15":1},"f":{"0":1,"1":1,"2":1,"3":2,"4":1,"5":1,"6":1},"b":{},"_coverageSchema":"1a1c01bbd47fc00a2c39e90264f33305004495a9","hash":"01bb04b19c3d0c8921b622588269bd0d6279b90f"}
,"C:\\Users\\Unpre\\OneDrive\\Documents\\campus-lost-and-found\\creational_patterns\\UserFactory.js": {"path":"C:\\Users\\Unpre\\OneDrive\\Documents\\campus-lost-and-found\\creational_patterns\\UserFactory.js","statementMap":{"0":{"start":{"line":18,"column":14},"end":{"line":18,"column":37}},"1":{"start":{"line":19,"column":16},"end":{"line":19,"column":41}},"2":{"start":{"line":20,"column":17},"end":{"line":20,"column":43}},"3":{"start":{"line":37,"column":4},"end":{"line":51,"column":5}},"4":{"start":{"line":39,"column":8},"end":{"line":39,"column":97}},"5":{"start":{"line":39,"column":35},"end":{"line":39,"column":97}},"6":{"start":{"line":40,"column":8},"end":{"line":40,"column":77}},"7":{"start":{"line":43,"column":8},"end":{"line":43,"column":92}},"8":{"start":{"line":43,"column":32},"end":{"line":43,"column":92}},"9":{"start":{"line":44,"column":8},"end":{"line":44,"column":75}},"10":{"start":{"line":47,"column":8},"end":{"line":47,"column":53}},"11":{"start":{"line":50,"column":8},"end":{"line":50,"column":90}},"12":{"start":{"line":55,"column":0},"end":{"line":55,"column":29}}},"fnMap":{"0":{"name":"(anonymous_0)","decl":{"start":{"line":36,"column":2},"end":{"line":36,"column":3}},"loc":{"start":{"line":36,"column":63},"end":{"line":52,"column":3}},"line":36}},"branchMap":{"0":{"loc":{"start":{"line":36,"column":50},"end":{"line":36,"column":61}},"type":"default-arg","locations":[{"start":{"line":36,"column":59},"end":{"line":36,"column":61}}],"line":36},"1":{"loc":{"start":{"line":37,"column":4},"end":{"line":51,"column":5}},"type":"switch","locations":[{"start":{"line":38,"column":6},"end":{"line":40,"column":77}},{"start":{"line":42,"column":6},"end":{"line":44,"column":75}},{"start":{"line":46,"column":6},"end":{"line":47,"column":53}},{"start":{"line":49,"column":6},"end":{"line":50,"column":90}}],"line":37},"2":{"loc":{"start":{"line":39,"column":8},"end":{"line":39,"column":97}},"type":"if","locations":[{"start":{"line":39,"column":8},"end":{"line":39,"column":97}},{"start":{},"end":{}}],"line":39},"3":{"loc":{"start":{"line":43,"column":8},"end":{"line":43,"column":92}},"type":"if","locations":[{"start":{"line":43,"column":8},"end":{"line":43,"column":92}},{"start":{},"end":{}}],"line":43}},"s":{"0":1,"1":1,"2":1,"3":6,"4":2,"5":1,"6":1,"7":2,"8":1,"9":1,"10":1,"11":1,"12":1},"f":{"0":6},"b":{"0":[2],"1":[2,2,1,1],"2":[1,1],"3":[1,1]},"_coverageSchema":"1a1c01bbd47fc00a2c39e90264f33305004495a9","hash":"fea231d9047416b6841091e59ee51187eeccffa0"}
,"C:\\Users\\Unpre\\OneDrive\\Documents\\campus-lost-and-found\\src\\Admin.js": {"path":"C:\\Users\\Unpre\\OneDrive\\Documents\\campus-lost-and-found\\src\\Admin.js","statementMap":{"0":{"start":{"line":10,"column":13},"end":{"line":10,"column":30}},"1":{"start":{"line":19,"column":4},"end":{"line":19,"column":47}},"2":{"start":{"line":20,"column":4},"end":{"line":20,"column":33}},"3":{"start":{"line":21,"column":4},"end":{"line":21,"column":28}},"4":{"start":{"line":26,"column":18},"end":{"line":26,"column":39}},"5":{"start":{"line":27,"column":23},"end":{"line":27,"column":54}},"6":{"start":{"line":36,"column":4},"end":{"line":36,"column":69}},"7":{"start":{"line":43,"column":4},"end":{"line":43,"column":63}},"8":{"start":{"line":50,"column":4},"end":{"line":54,"column":6}},"9":{"start":{"line":62,"column":4},"end":{"line":64,"column":5}},"10":{"start":{"line":63,"column":6},"end":{"line":63,"column":62}},"11":{"start":{"line":65,"column":4},"end":{"line":65,"column":70}},"12":{"start":{"line":73,"column":4},"end":{"line":75,"column":5}},"13":{"start":{"line":74,"column":6},"end":{"line":74,"column":38}},"14":{"start":{"line":79,"column":4},"end":{"line":83,"column":6}},"15":{"start":{"line":87,"column":0},"end":{"line":87,"column":23}}},"fnMap":{"0":{"name":"(anonymous_0)","decl":{"start":{"line":18,"column":2},"end":{"line":18,"column":3}},"loc":{"start":{"line":18,"column":42},"end":{"line":22,"column":3}},"line":18},"1":{"name":"(anonymous_1)","decl":{"start":{"line":26,"column":2},"end":{"line":26,"column":3}},"loc":{"start":{"line":26,"column":16},"end":{"line":26,"column":41}},"line":26},"2":{"name":"(anonymous_2)","decl":{"start":{"line":27,"column":2},"end":{"line":27,"column":3}},"loc":{"start":{"line":27,"column":21},"end":{"line":27,"column":56}},"line":27},"3":{"name":"(anonymous_3)","decl":{"start":{"line":35,"column":2},"end":{"line":35,"column":3}},"loc":{"start":{"line":35,"column":22},"end":{"line":37,"column":3}},"line":35},"4":{"name":"(anonymous_4)","decl":{"start":{"line":42,"column":2},"end":{"line":42,"column":3}},"loc":{"start":{"line":42,"column":17},"end":{"line":44,"column":3}},"line":42},"5":{"name":"(anonymous_5)","decl":{"start":{"line":49,"column":2},"end":{"line":49,"column":3}},"loc":{"start":{"line":49,"column":18},"end":{"line":55,"column":3}},"line":49},"6":{"name":"(anonymous_6)","decl":{"start":{"line":61,"column":2},"end":{"line":61,"column":3}},"loc":{"start":{"line":61,"column":31},"end":{"line":66,"column":3}},"line":61},"7":{"name":"(anonymous_7)","decl":{"start":{"line":72,"column":2},"end":{"line":72,"column":3}},"loc":{"start":{"line":72,"column":20},"end":{"line":76,"column":3}},"line":72},"8":{"name":"(anonymous_8)","decl":{"start":{"line":78,"column":2},"end":{"line":78,"column":3}},"loc":{"start":{"line":78,"column":11},"end":{"line":84,"column":3}},"line":78}},"branchMap":{"0":{"loc":{"start":{"line":61,"column":15},"end":{"line":61,"column":29}},"type":"default-arg","locations":[{"start":{"line":61,"column":24},"end":{"line":61,"column":29}}],"line":61},"1":{"loc":{"start":{"line":62,"column":4},"end":{"line":64,"column":5}},"type":"if","locations":[{"start":{"line":62,"column":4},"end":{"line":64,"column":5}},{"start":{},"end":{}}],"line":62},"2":{"loc":{"start":{"line":73,"column":4},"end":{"line":75,"column":5}},"type":"if","locations":[{"start":{"line":73,"column":4},"end":{"line":75,"column":5}},{"start":{},"end":{}}],"line":73}},"s":{"0":2,"1":10,"2":10,"3":10,"4":0,"5":2,"6":1,"7":1,"8":1,"9":3,"10":1,"11":2,"12":3,"13":2,"14":1,"15":2},"f":{"0":10,"1":0,"2":2,"3":1,"4":1,"5":1,"6":3,"7":3,"8":1},"b":{"0":[0],"1":[1,2],"2":[2,1]},"_coverageSchema":"1a1c01bbd47fc00a2c39e90264f33305004495a9","hash":"2bf930ffb08a431803ca708de7964127d1395b94"}
,"C:\\Users\\Unpre\\OneDrive\\Documents\\campus-lost-and-found\\src\\AdminCase.js": {"path":"C:\\Users\\Unpre\\OneDrive\\Documents\\campus-lost-and-found\\src\\AdminCase.js","statementMap":{"0":{"start":{"line":14,"column":23},"end":{"line":14,"column":38}},"1":{"start":{"line":16,"column":23},"end":{"line":24,"column":1}},"2":{"start":{"line":25,"column":24},"end":{"line":25,"column":25}},"3":{"start":{"line":26,"column":24},"end":{"line":26,"column":26}},"4":{"start":{"line":34,"column":4},"end":{"line":34,"column":55}},"5":{"start":{"line":34,"column":17},"end":{"line":34,"column":55}},"6":{"start":{"line":35,"column":4},"end":{"line":35,"column":57}},"7":{"start":{"line":35,"column":18},"end":{"line":35,"column":57}},"8":{"start":{"line":37,"column":4},"end":{"line":37,"column":28}},"9":{"start":{"line":38,"column":4},"end":{"line":38,"column":26}},"10":{"start":{"line":39,"column":4},"end":{"line":39,"column":28}},"11":{"start":{"line":40,"column":4},"end":{"line":40,"column":26}},"12":{"start":{"line":41,"column":4},"end":{"line":41,"column":21}},"13":{"start":{"line":42,"column":4},"end":{"line":42,"column":33}},"14":{"start":{"line":43,"column":4},"end":{"line":43,"column":32}},"15":{"start":{"line":44,"column":4},"end":{"line":44,"column":28}},"16":{"start":{"line":45,"column":4},"end":{"line":45,"column":28}},"17":{"start":{"line":50,"column":17},"end":{"line":50,"column":37}},"18":{"start":{"line":51,"column":17},"end":{"line":51,"column":37}},"19":{"start":{"line":52,"column":18},"end":{"line":52,"column":39}},"20":{"start":{"line":53,"column":17},"end":{"line":53,"column":37}},"21":{"start":{"line":54,"column":16},"end":{"line":54,"column":40}},"22":{"start":{"line":55,"column":19},"end":{"line":55,"column":41}},"23":{"start":{"line":56,"column":21},"end":{"line":56,"column":45}},"24":{"start":{"line":64,"column":4},"end":{"line":64,"column":26}},"25":{"start":{"line":65,"column":4},"end":{"line":65,"column":25}},"26":{"start":{"line":73,"column":4},"end":{"line":73,"column":57}},"27":{"start":{"line":73,"column":18},"end":{"line":73,"column":57}},"28":{"start":{"line":74,"column":4},"end":{"line":76,"column":5}},"29":{"start":{"line":75,"column":6},"end":{"line":75,"column":96}},"30":{"start":{"line":77,"column":4},"end":{"line":77,"column":34}},"31":{"start":{"line":78,"column":4},"end":{"line":78,"column":48}},"32":{"start":{"line":86,"column":4},"end":{"line":86,"column":91}},"33":{"start":{"line":86,"column":37},"end":{"line":86,"column":91}},"34":{"start":{"line":87,"column":4},"end":{"line":87,"column":31}},"35":{"start":{"line":88,"column":4},"end":{"line":88,"column":41}},"36":{"start":{"line":96,"column":4},"end":{"line":96,"column":84}},"37":{"start":{"line":96,"column":26},"end":{"line":96,"column":84}},"38":{"start":{"line":97,"column":4},"end":{"line":97,"column":44}},"39":{"start":{"line":98,"column":4},"end":{"line":98,"column":30}},"40":{"start":{"line":99,"column":4},"end":{"line":99,"column":34}},"41":{"start":{"line":100,"column":4},"end":{"line":100,"column":34}},"42":{"start":{"line":101,"column":4},"end":{"line":101,"column":69}},"43":{"start":{"line":109,"column":4},"end":{"line":111,"column":5}},"44":{"start":{"line":110,"column":6},"end":{"line":110,"column":67}},"45":{"start":{"line":112,"column":4},"end":{"line":112,"column":28}},"46":{"start":{"line":113,"column":4},"end":{"line":113,"column":34}},"47":{"start":{"line":114,"column":4},"end":{"line":114,"column":38}},"48":{"start":{"line":122,"column":4},"end":{"line":122,"column":77}},"49":{"start":{"line":122,"column":37},"end":{"line":122,"column":77}},"50":{"start":{"line":123,"column":4},"end":{"line":123,"column":65}},"51":{"start":{"line":131,"column":4},"end":{"line":131,"column":81}},"52":{"start":{"line":131,"column":68},"end":{"line":131,"column":81}},"53":{"start":{"line":132,"column":19},"end":{"line":132,"column":58}},"54":{"start":{"line":133,"column":21},"end":{"line":133,"column":51}},"55":{"start":{"line":134,"column":4},"end":{"line":134,"column":39}},"56":{"start":{"line":143,"column":4},"end":{"line":143,"column":46}},"57":{"start":{"line":143,"column":33},"end":{"line":143,"column":46}},"58":{"start":{"line":144,"column":16},"end":{"line":144,"column":45}},"59":{"start":{"line":145,"column":19},"end":{"line":145,"column":45}},"60":{"start":{"line":146,"column":21},"end":{"line":146,"column":51}},"61":{"start":{"line":147,"column":4},"end":{"line":147,"column":39}},"62":{"start":{"line":151,"column":4},"end":{"line":159,"column":6}},"63":{"start":{"line":163,"column":0},"end":{"line":163,"column":27}}},"fnMap":{"0":{"name":"(anonymous_0)","decl":{"start":{"line":33,"column":2},"end":{"line":33,"column":3}},"loc":{"start":{"line":33,"column":31},"end":{"line":46,"column":3}},"line":33},"1":{"name":"(anonymous_1)","decl":{"start":{"line":50,"column":2},"end":{"line":50,"column":3}},"loc":{"start":{"line":50,"column":15},"end":{"line":50,"column":39}},"line":50},"2":{"name":"(anonymous_2)","decl":{"start":{"line":51,"column":2},"end":{"line":51,"column":3}},"loc":{"start":{"line":51,"column":15},"end":{"line":51,"column":39}},"line":51},"3":{"name":"(anonymous_3)","decl":{"start":{"line":52,"column":2},"end":{"line":52,"column":3}},"loc":{"start":{"line":52,"column":16},"end":{"line":52,"column":41}},"line":52},"4":{"name":"(anonymous_4)","decl":{"start":{"line":53,"column":2},"end":{"line":53,"column":3}},"loc":{"start":{"line":53,"column":15},"end":{"line":53,"column":39}},"line":53},"5":{"name":"(anonymous_5)","decl":{"start":{"line":54,"column":2},"end":{"line":54,"column":3}},"loc":{"start":{"line":54,"column":14},"end":{"line":54,"column":42}},"line":54},"6":{"name":"(anonymous_6)","decl":{"start":{"line":55,"column":2},"end":{"line":55,"column":3}},"loc":{"start":{"line":55,"column":17},"end":{"line":55,"column":43}},"line":55},"7":{"name":"(anonymous_7)","decl":{"start":{"line":56,"column":2},"end":{"line":56,"column":3}},"loc":{"start":{"line":56,"column":19},"end":{"line":56,"column":47}},"line":56},"8":{"name":"(anonymous_8)","decl":{"start":{"line":63,"column":2},"end":{"line":63,"column":3}},"loc":{"start":{"line":63,"column":13},"end":{"line":66,"column":3}},"line":63},"9":{"name":"(anonymous_9)","decl":{"start":{"line":72,"column":2},"end":{"line":72,"column":3}},"loc":{"start":{"line":72,"column":23},"end":{"line":79,"column":3}},"line":72},"10":{"name":"(anonymous_10)","decl":{"start":{"line":85,"column":2},"end":{"line":85,"column":3}},"loc":{"start":{"line":85,"column":55},"end":{"line":89,"column":3}},"line":85},"11":{"name":"(anonymous_11)","decl":{"start":{"line":95,"column":2},"end":{"line":95,"column":3}},"loc":{"start":{"line":95,"column":31},"end":{"line":102,"column":3}},"line":95},"12":{"name":"(anonymous_12)","decl":{"start":{"line":108,"column":2},"end":{"line":108,"column":3}},"loc":{"start":{"line":108,"column":61},"end":{"line":115,"column":3}},"line":108},"13":{"name":"(anonymous_13)","decl":{"start":{"line":121,"column":2},"end":{"line":121,"column":3}},"loc":{"start":{"line":121,"column":16},"end":{"line":124,"column":3}},"line":121},"14":{"name":"(anonymous_14)","decl":{"start":{"line":130,"column":2},"end":{"line":130,"column":3}},"loc":{"start":{"line":130,"column":19},"end":{"line":135,"column":3}},"line":130},"15":{"name":"(anonymous_15)","decl":{"start":{"line":142,"column":2},"end":{"line":142,"column":3}},"loc":{"start":{"line":142,"column":31},"end":{"line":148,"column":3}},"line":142},"16":{"name":"(anonymous_16)","decl":{"start":{"line":150,"column":2},"end":{"line":150,"column":3}},"loc":{"start":{"line":150,"column":11},"end":{"line":160,"column":3}},"line":150}},"branchMap":{"0":{"loc":{"start":{"line":34,"column":4},"end":{"line":34,"column":55}},"type":"if","locations":[{"start":{"line":34,"column":4},"end":{"line":34,"column":55}},{"start":{},"end":{}}],"line":34},"1":{"loc":{"start":{"line":35,"column":4},"end":{"line":35,"column":57}},"type":"if","locations":[{"start":{"line":35,"column":4},"end":{"line":35,"column":57}},{"start":{},"end":{}}],"line":35},"2":{"loc":{"start":{"line":73,"column":4},"end":{"line":73,"column":57}},"type":"if","locations":[{"start":{"line":73,"column":4},"end":{"line":73,"column":57}},{"start":{},"end":{}}],"line":73},"3":{"loc":{"start":{"line":74,"column":4},"end":{"line":76,"column":5}},"type":"if","locations":[{"start":{"line":74,"column":4},"end":{"line":76,"column":5}},{"start":{},"end":{}}],"line":74},"4":{"loc":{"start":{"line":85,"column":15},"end":{"line":85,"column":53}},"type":"default-arg","locations":[{"start":{"line":85,"column":24},"end":{"line":85,"column":53}}],"line":85},"5":{"loc":{"start":{"line":86,"column":4},"end":{"line":86,"column":91}},"type":"if","locations":[{"start":{"line":86,"column":4},"end":{"line":86,"column":91}},{"start":{},"end":{}}],"line":86},"6":{"loc":{"start":{"line":96,"column":4},"end":{"line":96,"column":84}},"type":"if","locations":[{"start":{"line":96,"column":4},"end":{"line":96,"column":84}},{"start":{},"end":{}}],"line":96},"7":{"loc":{"start":{"line":108,"column":12},"end":{"line":108,"column":59}},"type":"default-arg","locations":[{"start":{"line":108,"column":21},"end":{"line":108,"column":59}}],"line":108},"8":{"loc":{"start":{"line":109,"column":4},"end":{"line":111,"column":5}},"type":"if","locations":[{"start":{"line":109,"column":4},"end":{"line":111,"column":5}},{"start":{},"end":{}}],"line":109},"9":{"loc":{"start":{"line":122,"column":4},"end":{"line":122,"column":77}},"type":"if","locations":[{"start":{"line":122,"column":4},"end":{"line":122,"column":77}},{"start":{},"end":{}}],"line":122},"10":{"loc":{"start":{"line":122,"column":8},"end":{"line":122,"column":35}},"type":"binary-expr","locations":[{"start":{"line":122,"column":8},"end":{"line":122,"column":13}},{"start":{"line":122,"column":17},"end":{"line":122,"column":35}}],"line":122},"11":{"loc":{"start":{"line":131,"column":4},"end":{"line":131,"column":81}},"type":"if","locations":[{"start":{"line":131,"column":4},"end":{"line":131,"column":81}},{"start":{},"end":{}}],"line":131},"12":{"loc":{"start":{"line":131,"column":8},"end":{"line":131,"column":66}},"type":"binary-expr","locations":[{"start":{"line":131,"column":8},"end":{"line":131,"column":45}},{"start":{"line":131,"column":49},"end":{"line":131,"column":66}}],"line":131},"13":{"loc":{"start":{"line":143,"column":4},"end":{"line":143,"column":46}},"type":"if","locations":[{"start":{"line":143,"column":4},"end":{"line":143,"column":46}},{"start":{},"end":{}}],"line":143},"14":{"loc":{"start":{"line":144,"column":16},"end":{"line":144,"column":45}},"type":"binary-expr","locations":[{"start":{"line":144,"column":16},"end":{"line":144,"column":27}},{"start":{"line":144,"column":31},"end":{"line":144,"column":45}}],"line":144}},"s":{"0":2,"1":2,"2":2,"3":2,"4":27,"5":1,"6":26,"7":1,"8":25,"9":25,"10":25,"11":25,"12":25,"13":25,"14":25,"15":25,"16":25,"17":0,"18":1,"19":0,"20":7,"21":4,"22":0,"23":2,"24":6,"25":6,"26":4,"27":1,"28":3,"29":1,"30":2,"31":2,"32":3,"33":1,"34":2,"35":2,"36":5,"37":1,"38":4,"39":4,"40":4,"41":4,"42":4,"43":3,"44":1,"45":2,"46":2,"47":2,"48":14,"49":1,"50":13,"51":2,"52":1,"53":1,"54":1,"55":1,"56":2,"57":1,"58":1,"59":1,"60":1,"61":1,"62":7,"63":2},"f":{"0":27,"1":0,"2":1,"3":0,"4":7,"5":4,"6":0,"7":2,"8":6,"9":4,"10":3,"11":5,"12":3,"13":14,"14":2,"15":2,"16":7},"b":{"0":[1,26],"1":[1,25],"2":[1,3],"3":[1,2],"4":[2],"5":[1,2],"6":[1,4],"7":[3],"8":[1,2],"9":[1,13],"10":[14,13],"11":[1,1],"12":[2,1],"13":[1,1],"14":[1,1]},"_coverageSchema":"1a1c01bbd47fc00a2c39e90264f33305004495a9","hash":"eeb72fd7e544b15cccc469331b755338b17597f2"}
,"C:\\Users\\Unpre\\OneDrive\\Documents\\campus-lost-and-found\\src\\Claim.js": {"path":"C:\\Users\\Unpre\\OneDrive\\Documents\\campus-lost-and-found\\src\\Claim.js","statementMap":{"0":{"start":{"line":8,"column":23},"end":{"line":8,"column":38}},"1":{"start":{"line":10,"column":23},"end":{"line":10,"column":74}},"2":{"start":{"line":11,"column":25},"end":{"line":11,"column":27}},"3":{"start":{"line":15,"column":4},"end":{"line":15,"column":55}},"4":{"start":{"line":15,"column":17},"end":{"line":15,"column":55}},"5":{"start":{"line":16,"column":4},"end":{"line":16,"column":63}},"6":{"start":{"line":16,"column":21},"end":{"line":16,"column":63}},"7":{"start":{"line":17,"column":4},"end":{"line":19,"column":5}},"8":{"start":{"line":18,"column":6},"end":{"line":18,"column":90}},"9":{"start":{"line":21,"column":4},"end":{"line":21,"column":29}},"10":{"start":{"line":22,"column":4},"end":{"line":22,"column":26}},"11":{"start":{"line":23,"column":4},"end":{"line":23,"column":34}},"12":{"start":{"line":24,"column":4},"end":{"line":24,"column":53}},"13":{"start":{"line":25,"column":4},"end":{"line":25,"column":29}},"14":{"start":{"line":26,"column":4},"end":{"line":26,"column":33}},"15":{"start":{"line":27,"column":4},"end":{"line":27,"column":33}},"16":{"start":{"line":28,"column":4},"end":{"line":28,"column":28}},"17":{"start":{"line":31,"column":18},"end":{"line":31,"column":39}},"18":{"start":{"line":32,"column":17},"end":{"line":32,"column":37}},"19":{"start":{"line":33,"column":21},"end":{"line":33,"column":45}},"20":{"start":{"line":34,"column":27},"end":{"line":34,"column":57}},"21":{"start":{"line":35,"column":17},"end":{"line":35,"column":37}},"22":{"start":{"line":36,"column":26},"end":{"line":36,"column":55}},"23":{"start":{"line":37,"column":20},"end":{"line":37,"column":43}},"24":{"start":{"line":38,"column":21},"end":{"line":38,"column":45}},"25":{"start":{"line":41,"column":4},"end":{"line":43,"column":5}},"26":{"start":{"line":42,"column":6},"end":{"line":42,"column":49}},"27":{"start":{"line":44,"column":4},"end":{"line":44,"column":25}},"28":{"start":{"line":48,"column":4},"end":{"line":50,"column":5}},"29":{"start":{"line":49,"column":6},"end":{"line":49,"column":74}},"30":{"start":{"line":51,"column":4},"end":{"line":51,"column":34}},"31":{"start":{"line":55,"column":4},"end":{"line":57,"column":5}},"32":{"start":{"line":56,"column":6},"end":{"line":56,"column":77}},"33":{"start":{"line":58,"column":4},"end":{"line":58,"column":30}},"34":{"start":{"line":59,"column":4},"end":{"line":59,"column":34}},"35":{"start":{"line":63,"column":4},"end":{"line":65,"column":5}},"36":{"start":{"line":64,"column":6},"end":{"line":64,"column":56}},"37":{"start":{"line":66,"column":4},"end":{"line":68,"column":5}},"38":{"start":{"line":67,"column":6},"end":{"line":67,"column":76}},"39":{"start":{"line":69,"column":4},"end":{"line":69,"column":30}},"40":{"start":{"line":70,"column":4},"end":{"line":70,"column":42}},"41":{"start":{"line":71,"column":4},"end":{"line":71,"column":34}},"42":{"start":{"line":75,"column":4},"end":{"line":77,"column":5}},"43":{"start":{"line":76,"column":6},"end":{"line":76,"column":62}},"44":{"start":{"line":78,"column":4},"end":{"line":78,"column":30}},"45":{"start":{"line":79,"column":4},"end":{"line":79,"column":52}},"46":{"start":{"line":80,"column":4},"end":{"line":80,"column":34}},"47":{"start":{"line":84,"column":4},"end":{"line":93,"column":6}},"48":{"start":{"line":97,"column":0},"end":{"line":97,"column":23}}},"fnMap":{"0":{"name":"(anonymous_0)","decl":{"start":{"line":14,"column":2},"end":{"line":14,"column":3}},"loc":{"start":{"line":14,"column":52},"end":{"line":29,"column":3}},"line":14},"1":{"name":"(anonymous_1)","decl":{"start":{"line":31,"column":2},"end":{"line":31,"column":3}},"loc":{"start":{"line":31,"column":16},"end":{"line":31,"column":41}},"line":31},"2":{"name":"(anonymous_2)","decl":{"start":{"line":32,"column":2},"end":{"line":32,"column":3}},"loc":{"start":{"line":32,"column":15},"end":{"line":32,"column":39}},"line":32},"3":{"name":"(anonymous_3)","decl":{"start":{"line":33,"column":2},"end":{"line":33,"column":3}},"loc":{"start":{"line":33,"column":19},"end":{"line":33,"column":47}},"line":33},"4":{"name":"(anonymous_4)","decl":{"start":{"line":34,"column":2},"end":{"line":34,"column":3}},"loc":{"start":{"line":34,"column":25},"end":{"line":34,"column":59}},"line":34},"5":{"name":"(anonymous_5)","decl":{"start":{"line":35,"column":2},"end":{"line":35,"column":3}},"loc":{"start":{"line":35,"column":15},"end":{"line":35,"column":39}},"line":35},"6":{"name":"(anonymous_6)","decl":{"start":{"line":36,"column":2},"end":{"line":36,"column":3}},"loc":{"start":{"line":36,"column":24},"end":{"line":36,"column":57}},"line":36},"7":{"name":"(anonymous_7)","decl":{"start":{"line":37,"column":2},"end":{"line":37,"column":3}},"loc":{"start":{"line":37,"column":18},"end":{"line":37,"column":45}},"line":37},"8":{"name":"(anonymous_8)","decl":{"start":{"line":38,"column":2},"end":{"line":38,"column":3}},"loc":{"start":{"line":38,"column":19},"end":{"line":38,"column":47}},"line":38},"9":{"name":"(anonymous_9)","decl":{"start":{"line":40,"column":2},"end":{"line":40,"column":3}},"loc":{"start":{"line":40,"column":16},"end":{"line":45,"column":3}},"line":40},"10":{"name":"(anonymous_10)","decl":{"start":{"line":47,"column":2},"end":{"line":47,"column":3}},"loc":{"start":{"line":47,"column":16},"end":{"line":52,"column":3}},"line":47},"11":{"name":"(anonymous_11)","decl":{"start":{"line":54,"column":2},"end":{"line":54,"column":3}},"loc":{"start":{"line":54,"column":17},"end":{"line":60,"column":3}},"line":54},"12":{"name":"(anonymous_12)","decl":{"start":{"line":62,"column":2},"end":{"line":62,"column":3}},"loc":{"start":{"line":62,"column":22},"end":{"line":72,"column":3}},"line":62},"13":{"name":"(anonymous_13)","decl":{"start":{"line":74,"column":2},"end":{"line":74,"column":3}},"loc":{"start":{"line":74,"column":16},"end":{"line":81,"column":3}},"line":74},"14":{"name":"(anonymous_14)","decl":{"start":{"line":83,"column":2},"end":{"line":83,"column":3}},"loc":{"start":{"line":83,"column":11},"end":{"line":94,"column":3}},"line":83}},"branchMap":{"0":{"loc":{"start":{"line":15,"column":4},"end":{"line":15,"column":55}},"type":"if","locations":[{"start":{"line":15,"column":4},"end":{"line":15,"column":55}},{"start":{},"end":{}}],"line":15},"1":{"loc":{"start":{"line":16,"column":4},"end":{"line":16,"column":63}},"type":"if","locations":[{"start":{"line":16,"column":4},"end":{"line":16,"column":63}},{"start":{},"end":{}}],"line":16},"2":{"loc":{"start":{"line":17,"column":4},"end":{"line":19,"column":5}},"type":"if","locations":[{"start":{"line":17,"column":4},"end":{"line":19,"column":5}},{"start":{},"end":{}}],"line":17},"3":{"loc":{"start":{"line":17,"column":8},"end":{"line":17,"column":78}},"type":"binary-expr","locations":[{"start":{"line":17,"column":8},"end":{"line":17,"column":25}},{"start":{"line":17,"column":29},"end":{"line":17,"column":78}}],"line":17},"4":{"loc":{"start":{"line":41,"column":4},"end":{"line":43,"column":5}},"type":"if","locations":[{"start":{"line":41,"column":4},"end":{"line":43,"column":5}},{"start":{},"end":{}}],"line":41},"5":{"loc":{"start":{"line":48,"column":4},"end":{"line":50,"column":5}},"type":"if","locations":[{"start":{"line":48,"column":4},"end":{"line":50,"column":5}},{"start":{},"end":{}}],"line":48},"6":{"loc":{"start":{"line":55,"column":4},"end":{"line":57,"column":5}},"type":"if","locations":[{"start":{"line":55,"column":4},"end":{"line":57,"column":5}},{"start":{},"end":{}}],"line":55},"7":{"loc":{"start":{"line":63,"column":4},"end":{"line":65,"column":5}},"type":"if","locations":[{"start":{"line":63,"column":4},"end":{"line":65,"column":5}},{"start":{},"end":{}}],"line":63},"8":{"loc":{"start":{"line":63,"column":8},"end":{"line":63,"column":39}},"type":"binary-expr","locations":[{"start":{"line":63,"column":8},"end":{"line":63,"column":15}},{"start":{"line":63,"column":19},"end":{"line":63,"column":39}}],"line":63},"9":{"loc":{"start":{"line":66,"column":4},"end":{"line":68,"column":5}},"type":"if","locations":[{"start":{"line":66,"column":4},"end":{"line":68,"column":5}},{"start":{},"end":{}}],"line":66},"10":{"loc":{"start":{"line":75,"column":4},"end":{"line":77,"column":5}},"type":"if","locations":[{"start":{"line":75,"column":4},"end":{"line":77,"column":5}},{"start":{},"end":{}}],"line":75}},"s":{"0":0,"1":0,"2":0,"3":0,"4":0,"5":0,"6":0,"7":0,"8":0,"9":0,"10":0,"11":0,"12":0,"13":0,"14":0,"15":0,"16":0,"17":0,"18":0,"19":0,"20":0,"21":0,"22":0,"23":0,"24":0,"25":0,"26":0,"27":0,"28":0,"29":0,"30":0,"31":0,"32":0,"33":0,"34":0,"35":0,"36":0,"37":0,"38":0,"39":0,"40":0,"41":0,"42":0,"43":0,"44":0,"45":0,"46":0,"47":0,"48":0},"f":{"0":0,"1":0,"2":0,"3":0,"4":0,"5":0,"6":0,"7":0,"8":0,"9":0,"10":0,"11":0,"12":0,"13":0,"14":0},"b":{"0":[0,0],"1":[0,0],"2":[0,0],"3":[0,0],"4":[0,0],"5":[0,0],"6":[0,0],"7":[0,0],"8":[0,0],"9":[0,0],"10":[0,0]}}
,"C:\\Users\\Unpre\\OneDrive\\Documents\\campus-lost-and-found\\src\\ItemReport.js": {"path":"C:\\Users\\Unpre\\OneDrive\\Documents\\campus-lost-and-found\\src\\ItemReport.js","statementMap":{"0":{"start":{"line":14,"column":23},"end":{"line":14,"column":38}},"1":{"start":{"line":16,"column":20},"end":{"line":16,"column":37}},"2":{"start":{"line":17,"column":23},"end":{"line":17,"column":56}},"3":{"start":{"line":18,"column":20},"end":{"line":18,"column":22}},"4":{"start":{"line":32,"column":4},"end":{"line":32,"column":90}},"5":{"start":{"line":34,"column":4},"end":{"line":34,"column":83}},"6":{"start":{"line":34,"column":37},"end":{"line":34,"column":83}},"7":{"start":{"line":36,"column":4},"end":{"line":36,"column":28}},"8":{"start":{"line":37,"column":4},"end":{"line":37,"column":26}},"9":{"start":{"line":38,"column":4},"end":{"line":38,"column":22}},"10":{"start":{"line":39,"column":4},"end":{"line":39,"column":24}},"11":{"start":{"line":40,"column":4},"end":{"line":40,"column":36}},"12":{"start":{"line":41,"column":4},"end":{"line":41,"column":43}},"13":{"start":{"line":42,"column":4},"end":{"line":42,"column":30}},"14":{"start":{"line":43,"column":4},"end":{"line":43,"column":50}},"15":{"start":{"line":44,"column":4},"end":{"line":44,"column":30}},"16":{"start":{"line":45,"column":4},"end":{"line":45,"column":28}},"17":{"start":{"line":46,"column":4},"end":{"line":46,"column":22}},"18":{"start":{"line":47,"column":4},"end":{"line":47,"column":33}},"19":{"start":{"line":48,"column":4},"end":{"line":48,"column":38}},"20":{"start":{"line":53,"column":17},"end":{"line":53,"column":37}},"21":{"start":{"line":54,"column":17},"end":{"line":54,"column":37}},"22":{"start":{"line":55,"column":15},"end":{"line":55,"column":33}},"23":{"start":{"line":56,"column":16},"end":{"line":56,"column":35}},"24":{"start":{"line":57,"column":22},"end":{"line":57,"column":47}},"25":{"start":{"line":58,"column":19},"end":{"line":58,"column":41}},"26":{"start":{"line":59,"column":19},"end":{"line":59,"column":41}},"27":{"start":{"line":60,"column":24},"end":{"line":60,"column":51}},"28":{"start":{"line":61,"column":19},"end":{"line":61,"column":41}},"29":{"start":{"line":62,"column":17},"end":{"line":62,"column":37}},"30":{"start":{"line":63,"column":20},"end":{"line":63,"column":43}},"31":{"start":{"line":71,"column":4},"end":{"line":77,"column":7}},"32":{"start":{"line":78,"column":4},"end":{"line":78,"column":38}},"33":{"start":{"line":79,"column":4},"end":{"line":79,"column":25}},"34":{"start":{"line":87,"column":4},"end":{"line":89,"column":5}},"35":{"start":{"line":88,"column":6},"end":{"line":88,"column":60}},"36":{"start":{"line":90,"column":65},"end":{"line":90,"column":72}},"37":{"start":{"line":91,"column":4},"end":{"line":91,"column":35}},"38":{"start":{"line":91,"column":15},"end":{"line":91,"column":35}},"39":{"start":{"line":92,"column":4},"end":{"line":92,"column":53}},"40":{"start":{"line":92,"column":21},"end":{"line":92,"column":53}},"41":{"start":{"line":93,"column":4},"end":{"line":93,"column":44}},"42":{"start":{"line":93,"column":18},"end":{"line":93,"column":44}},"43":{"start":{"line":94,"column":4},"end":{"line":94,"column":44}},"44":{"start":{"line":94,"column":18},"end":{"line":94,"column":44}},"45":{"start":{"line":95,"column":4},"end":{"line":95,"column":58}},"46":{"start":{"line":95,"column":32},"end":{"line":95,"column":58}},"47":{"start":{"line":96,"column":4},"end":{"line":96,"column":38}},"48":{"start":{"line":103,"column":4},"end":{"line":103,"column":29}},"49":{"start":{"line":110,"column":4},"end":{"line":110,"column":73}},"50":{"start":{"line":110,"column":37},"end":{"line":110,"column":73}},"51":{"start":{"line":111,"column":4},"end":{"line":111,"column":30}},"52":{"start":{"line":112,"column":4},"end":{"line":112,"column":38}},"53":{"start":{"line":119,"column":4},"end":{"line":119,"column":88}},"54":{"start":{"line":119,"column":37},"end":{"line":119,"column":88}},"55":{"start":{"line":120,"column":4},"end":{"line":120,"column":29}},"56":{"start":{"line":128,"column":16},"end":{"line":128,"column":26}},"57":{"start":{"line":129,"column":19},"end":{"line":129,"column":45}},"58":{"start":{"line":130,"column":21},"end":{"line":130,"column":51}},"59":{"start":{"line":131,"column":4},"end":{"line":131,"column":64}},"60":{"start":{"line":139,"column":4},"end":{"line":139,"column":14}},"61":{"start":{"line":147,"column":4},"end":{"line":149,"column":5}},"62":{"start":{"line":148,"column":6},"end":{"line":148,"column":65}},"63":{"start":{"line":150,"column":4},"end":{"line":152,"column":5}},"64":{"start":{"line":151,"column":6},"end":{"line":151,"column":50}},"65":{"start":{"line":153,"column":4},"end":{"line":153,"column":31}},"66":{"start":{"line":154,"column":4},"end":{"line":154,"column":38}},"67":{"start":{"line":157,"column":19},"end":{"line":157,"column":44}},"68":{"start":{"line":160,"column":4},"end":{"line":173,"column":6}},"69":{"start":{"line":179,"column":4},"end":{"line":183,"column":5}},"70":{"start":{"line":180,"column":6},"end":{"line":182,"column":7}},"71":{"start":{"line":181,"column":8},"end":{"line":181,"column":46}},"72":{"start":{"line":187,"column":0},"end":{"line":187,"column":28}}},"fnMap":{"0":{"name":"(anonymous_0)","decl":{"start":{"line":31,"column":2},"end":{"line":31,"column":3}},"loc":{"start":{"line":31,"column":100},"end":{"line":49,"column":3}},"line":31},"1":{"name":"(anonymous_1)","decl":{"start":{"line":53,"column":2},"end":{"line":53,"column":3}},"loc":{"start":{"line":53,"column":15},"end":{"line":53,"column":39}},"line":53},"2":{"name":"(anonymous_2)","decl":{"start":{"line":54,"column":2},"end":{"line":54,"column":3}},"loc":{"start":{"line":54,"column":15},"end":{"line":54,"column":39}},"line":54},"3":{"name":"(anonymous_3)","decl":{"start":{"line":55,"column":2},"end":{"line":55,"column":3}},"loc":{"start":{"line":55,"column":13},"end":{"line":55,"column":35}},"line":55},"4":{"name":"(anonymous_4)","decl":{"start":{"line":56,"column":2},"end":{"line":56,"column":3}},"loc":{"start":{"line":56,"column":14},"end":{"line":56,"column":37}},"line":56},"5":{"name":"(anonymous_5)","decl":{"start":{"line":57,"column":2},"end":{"line":57,"column":3}},"loc":{"start":{"line":57,"column":20},"end":{"line":57,"column":49}},"line":57},"6":{"name":"(anonymous_6)","decl":{"start":{"line":58,"column":2},"end":{"line":58,"column":3}},"loc":{"start":{"line":58,"column":17},"end":{"line":58,"column":43}},"line":58},"7":{"name":"(anonymous_7)","decl":{"start":{"line":59,"column":2},"end":{"line":59,"column":3}},"loc":{"start":{"line":59,"column":17},"end":{"line":59,"column":43}},"line":59},"8":{"name":"(anonymous_8)","decl":{"start":{"line":60,"column":2},"end":{"line":60,"column":3}},"loc":{"start":{"line":60,"column":22},"end":{"line":60,"column":53}},"line":60},"9":{"name":"(anonymous_9)","decl":{"start":{"line":61,"column":2},"end":{"line":61,"column":3}},"loc":{"start":{"line":61,"column":17},"end":{"line":61,"column":43}},"line":61},"10":{"name":"(anonymous_10)","decl":{"start":{"line":62,"column":2},"end":{"line":62,"column":3}},"loc":{"start":{"line":62,"column":15},"end":{"line":62,"column":39}},"line":62},"11":{"name":"(anonymous_11)","decl":{"start":{"line":63,"column":2},"end":{"line":63,"column":3}},"loc":{"start":{"line":63,"column":18},"end":{"line":63,"column":45}},"line":63},"12":{"name":"(anonymous_12)","decl":{"start":{"line":70,"column":2},"end":{"line":70,"column":3}},"loc":{"start":{"line":70,"column":17},"end":{"line":80,"column":3}},"line":70},"13":{"name":"(anonymous_13)","decl":{"start":{"line":86,"column":2},"end":{"line":86,"column":3}},"loc":{"start":{"line":86,"column":29},"end":{"line":97,"column":3}},"line":86},"14":{"name":"(anonymous_14)","decl":{"start":{"line":102,"column":2},"end":{"line":102,"column":3}},"loc":{"start":{"line":102,"column":17},"end":{"line":104,"column":3}},"line":102},"15":{"name":"(anonymous_15)","decl":{"start":{"line":109,"column":2},"end":{"line":109,"column":3}},"loc":{"start":{"line":109,"column":19},"end":{"line":113,"column":3}},"line":109},"16":{"name":"(anonymous_16)","decl":{"start":{"line":118,"column":2},"end":{"line":118,"column":3}},"loc":{"start":{"line":118,"column":18},"end":{"line":121,"column":3}},"line":118},"17":{"name":"(anonymous_17)","decl":{"start":{"line":127,"column":2},"end":{"line":127,"column":3}},"loc":{"start":{"line":127,"column":17},"end":{"line":132,"column":3}},"line":127},"18":{"name":"(anonymous_18)","decl":{"start":{"line":138,"column":2},"end":{"line":138,"column":3}},"loc":{"start":{"line":138,"column":16},"end":{"line":140,"column":3}},"line":138},"19":{"name":"(anonymous_19)","decl":{"start":{"line":146,"column":2},"end":{"line":146,"column":3}},"loc":{"start":{"line":146,"column":20},"end":{"line":155,"column":3}},"line":146},"20":{"name":"(anonymous_20)","decl":{"start":{"line":157,"column":2},"end":{"line":157,"column":3}},"loc":{"start":{"line":157,"column":17},"end":{"line":157,"column":46}},"line":157},"21":{"name":"(anonymous_21)","decl":{"start":{"line":159,"column":2},"end":{"line":159,"column":3}},"loc":{"start":{"line":159,"column":11},"end":{"line":174,"column":3}},"line":159},"22":{"name":"(anonymous_22)","decl":{"start":{"line":178,"column":2},"end":{"line":178,"column":3}},"loc":{"start":{"line":178,"column":28},"end":{"line":184,"column":3}},"line":178}},"branchMap":{"0":{"loc":{"start":{"line":31,"column":83},"end":{"line":31,"column":98}},"type":"default-arg","locations":[{"start":{"line":31,"column":94},"end":{"line":31,"column":98}}],"line":31},"1":{"loc":{"start":{"line":34,"column":4},"end":{"line":34,"column":83}},"type":"if","locations":[{"start":{"line":34,"column":4},"end":{"line":34,"column":83}},{"start":{},"end":{}}],"line":34},"2":{"loc":{"start":{"line":41,"column":21},"end":{"line":41,"column":42}},"type":"binary-expr","locations":[{"start":{"line":41,"column":21},"end":{"line":41,"column":29}},{"start":{"line":41,"column":33},"end":{"line":41,"column":42}}],"line":41},"3":{"loc":{"start":{"line":86,"column":15},"end":{"line":86,"column":27}},"type":"default-arg","locations":[{"start":{"line":86,"column":25},"end":{"line":86,"column":27}}],"line":86},"4":{"loc":{"start":{"line":87,"column":4},"end":{"line":89,"column":5}},"type":"if","locations":[{"start":{"line":87,"column":4},"end":{"line":89,"column":5}},{"start":{},"end":{}}],"line":87},"5":{"loc":{"start":{"line":91,"column":4},"end":{"line":91,"column":35}},"type":"if","locations":[{"start":{"line":91,"column":4},"end":{"line":91,"column":35}},{"start":{},"end":{}}],"line":91},"6":{"loc":{"start":{"line":92,"column":4},"end":{"line":92,"column":53}},"type":"if","locations":[{"start":{"line":92,"column":4},"end":{"line":92,"column":53}},{"start":{},"end":{}}],"line":92},"7":{"loc":{"start":{"line":93,"column":4},"end":{"line":93,"column":44}},"type":"if","locations":[{"start":{"line":93,"column":4},"end":{"line":93,"column":44}},{"start":{},"end":{}}],"line":93},"8":{"loc":{"start":{"line":94,"column":4},"end":{"line":94,"column":44}},"type":"if","locations":[{"start":{"line":94,"column":4},"end":{"line":94,"column":44}},{"start":{},"end":{}}],"line":94},"9":{"loc":{"start":{"line":95,"column":4},"end":{"line":95,"column":58}},"type":"if","locations":[{"start":{"line":95,"column":4},"end":{"line":95,"column":58}},{"start":{},"end":{}}],"line":95},"10":{"loc":{"start":{"line":110,"column":4},"end":{"line":110,"column":73}},"type":"if","locations":[{"start":{"line":110,"column":4},"end":{"line":110,"column":73}},{"start":{},"end":{}}],"line":110},"11":{"loc":{"start":{"line":119,"column":4},"end":{"line":119,"column":88}},"type":"if","locations":[{"start":{"line":119,"column":4},"end":{"line":119,"column":88}},{"start":{},"end":{}}],"line":119},"12":{"loc":{"start":{"line":131,"column":11},"end":{"line":131,"column":63}},"type":"binary-expr","locations":[{"start":{"line":131,"column":11},"end":{"line":131,"column":34}},{"start":{"line":131,"column":38},"end":{"line":131,"column":63}}],"line":131},"13":{"loc":{"start":{"line":147,"column":4},"end":{"line":149,"column":5}},"type":"if","locations":[{"start":{"line":147,"column":4},"end":{"line":149,"column":5}},{"start":{},"end":{}}],"line":147},"14":{"loc":{"start":{"line":150,"column":4},"end":{"line":152,"column":5}},"type":"if","locations":[{"start":{"line":150,"column":4},"end":{"line":152,"column":5}},{"start":{},"end":{}}],"line":150},"15":{"loc":{"start":{"line":180,"column":6},"end":{"line":182,"column":7}},"type":"if","locations":[{"start":{"line":180,"column":6},"end":{"line":182,"column":7}},{"start":{},"end":{}}],"line":180},"16":{"loc":{"start":{"line":180,"column":10},"end":{"line":180,"column":57}},"type":"binary-expr","locations":[{"start":{"line":180,"column":10},"end":{"line":180,"column":22}},{"start":{"line":180,"column":26},"end":{"line":180,"column":43}},{"start":{"line":180,"column":47},"end":{"line":180,"column":57}}],"line":180}},"s":{"0":3,"1":3,"2":3,"3":3,"4":35,"5":34,"6":2,"7":32,"8":32,"9":32,"10":32,"11":32,"12":32,"13":32,"14":32,"15":32,"16":32,"17":32,"18":32,"19":32,"20":6,"21":1,"22":6,"23":4,"24":0,"25":4,"26":1,"27":0,"28":4,"29":4,"30":0,"31":1,"32":1,"33":1,"34":3,"35":1,"36":2,"37":2,"38":2,"39":2,"40":0,"41":2,"42":0,"43":2,"44":1,"45":2,"46":0,"47":2,"48":1,"49":6,"50":1,"51":5,"52":5,"53":3,"54":1,"55":2,"56":3,"57":3,"58":3,"59":3,"60":0,"61":4,"62":1,"63":3,"64":1,"65":2,"66":2,"67":1,"68":2,"69":36,"70":210,"71":1,"72":3},"f":{"0":35,"1":6,"2":1,"3":6,"4":4,"5":0,"6":4,"7":1,"8":0,"9":4,"10":4,"11":0,"12":1,"13":3,"14":1,"15":6,"16":3,"17":3,"18":0,"19":4,"20":1,"21":2,"22":36},"b":{"0":[5],"1":[2,32],"2":[32,1],"3":[0],"4":[1,2],"5":[2,0],"6":[0,2],"7":[0,2],"8":[1,1],"9":[0,2],"10":[1,5],"11":[1,2],"12":[3,1],"13":[1,3],"14":[1,2],"15":[1,209],"16":[210,210,210]},"_coverageSchema":"1a1c01bbd47fc00a2c39e90264f33305004495a9","hash":"e4fe953bd8d744f72ac0cec988419bfcb19e6030"}
,"C:\\Users\\Unpre\\OneDrive\\Documents\\campus-lost-and-found\\src\\Lecturer.js": {"path":"C:\\Users\\Unpre\\OneDrive\\Documents\\campus-lost-and-found\\src\\Lecturer.js","statementMap":{"0":{"start":{"line":9,"column":13},"end":{"line":9,"column":30}},"1":{"start":{"line":19,"column":4},"end":{"line":19,"column":50}},"2":{"start":{"line":20,"column":4},"end":{"line":20,"column":76}},"3":{"start":{"line":20,"column":21},"end":{"line":20,"column":76}},"4":{"start":{"line":21,"column":4},"end":{"line":21,"column":36}},"5":{"start":{"line":22,"column":4},"end":{"line":22,"column":34}},"6":{"start":{"line":23,"column":4},"end":{"line":23,"column":29}},"7":{"start":{"line":24,"column":4},"end":{"line":24,"column":31}},"8":{"start":{"line":29,"column":21},"end":{"line":29,"column":45}},"9":{"start":{"line":30,"column":21},"end":{"line":30,"column":45}},"10":{"start":{"line":38,"column":4},"end":{"line":38,"column":55}},"11":{"start":{"line":38,"column":17},"end":{"line":38,"column":55}},"12":{"start":{"line":39,"column":4},"end":{"line":39,"column":79}},"13":{"start":{"line":46,"column":4},"end":{"line":46,"column":55}},"14":{"start":{"line":46,"column":17},"end":{"line":46,"column":55}},"15":{"start":{"line":47,"column":4},"end":{"line":47,"column":80}},"16":{"start":{"line":54,"column":4},"end":{"line":54,"column":57}},"17":{"start":{"line":54,"column":18},"end":{"line":54,"column":57}},"18":{"start":{"line":55,"column":4},"end":{"line":55,"column":69}},"19":{"start":{"line":59,"column":4},"end":{"line":63,"column":6}},"20":{"start":{"line":67,"column":0},"end":{"line":67,"column":26}}},"fnMap":{"0":{"name":"(anonymous_0)","decl":{"start":{"line":18,"column":2},"end":{"line":18,"column":3}},"loc":{"start":{"line":18,"column":54},"end":{"line":25,"column":3}},"line":18},"1":{"name":"(anonymous_1)","decl":{"start":{"line":29,"column":2},"end":{"line":29,"column":3}},"loc":{"start":{"line":29,"column":19},"end":{"line":29,"column":47}},"line":29},"2":{"name":"(anonymous_2)","decl":{"start":{"line":30,"column":2},"end":{"line":30,"column":3}},"loc":{"start":{"line":30,"column":19},"end":{"line":30,"column":47}},"line":30},"3":{"name":"(anonymous_3)","decl":{"start":{"line":37,"column":2},"end":{"line":37,"column":3}},"loc":{"start":{"line":37,"column":25},"end":{"line":40,"column":3}},"line":37},"4":{"name":"(anonymous_4)","decl":{"start":{"line":45,"column":2},"end":{"line":45,"column":3}},"loc":{"start":{"line":45,"column":26},"end":{"line":48,"column":3}},"line":45},"5":{"name":"(anonymous_5)","decl":{"start":{"line":53,"column":2},"end":{"line":53,"column":3}},"loc":{"start":{"line":53,"column":23},"end":{"line":56,"column":3}},"line":53},"6":{"name":"(anonymous_6)","decl":{"start":{"line":58,"column":2},"end":{"line":58,"column":3}},"loc":{"start":{"line":58,"column":11},"end":{"line":64,"column":3}},"line":58}},"branchMap":{"0":{"loc":{"start":{"line":20,"column":4},"end":{"line":20,"column":76}},"type":"if","locations":[{"start":{"line":20,"column":4},"end":{"line":20,"column":76}},{"start":{},"end":{}}],"line":20},"1":{"loc":{"start":{"line":38,"column":4},"end":{"line":38,"column":55}},"type":"if","locations":[{"start":{"line":38,"column":4},"end":{"line":38,"column":55}},{"start":{},"end":{}}],"line":38},"2":{"loc":{"start":{"line":46,"column":4},"end":{"line":46,"column":55}},"type":"if","locations":[{"start":{"line":46,"column":4},"end":{"line":46,"column":55}},{"start":{},"end":{}}],"line":46},"3":{"loc":{"start":{"line":54,"column":4},"end":{"line":54,"column":57}},"type":"if","locations":[{"start":{"line":54,"column":4},"end":{"line":54,"column":57}},{"start":{},"end":{}}],"line":54}},"s":{"0":2,"1":7,"2":7,"3":1,"4":6,"5":6,"6":6,"7":6,"8":0,"9":2,"10":1,"11":0,"12":1,"13":1,"14":0,"15":1,"16":1,"17":0,"18":1,"19":1,"20":2},"f":{"0":7,"1":0,"2":2,"3":1,"4":1,"5":1,"6":1},"b":{"0":[1,6],"1":[0,1],"2":[0,1],"3":[0,1]},"_coverageSchema":"1a1c01bbd47fc00a2c39e90264f33305004495a9","hash":"48c1ee1b21cde88fbc3f6e8c99a2bc4327e3c495"}
,"C:\\Users\\Unpre\\OneDrive\\Documents\\campus-lost-and-found\\src\\Notification.js": {"path":"C:\\Users\\Unpre\\OneDrive\\Documents\\campus-lost-and-found\\src\\Notification.js","statementMap":{"0":{"start":{"line":8,"column":23},"end":{"line":8,"column":38}},"1":{"start":{"line":10,"column":20},"end":{"line":10,"column":125}},"2":{"start":{"line":14,"column":4},"end":{"line":14,"column":55}},"3":{"start":{"line":14,"column":17},"end":{"line":14,"column":55}},"4":{"start":{"line":15,"column":4},"end":{"line":15,"column":57}},"5":{"start":{"line":15,"column":18},"end":{"line":15,"column":57}},"6":{"start":{"line":16,"column":4},"end":{"line":16,"column":82}},"7":{"start":{"line":16,"column":37},"end":{"line":16,"column":82}},"8":{"start":{"line":18,"column":4},"end":{"line":18,"column":36}},"9":{"start":{"line":19,"column":4},"end":{"line":19,"column":26}},"10":{"start":{"line":20,"column":4},"end":{"line":20,"column":28}},"11":{"start":{"line":21,"column":4},"end":{"line":21,"column":22}},"12":{"start":{"line":22,"column":4},"end":{"line":22,"column":36}},"13":{"start":{"line":23,"column":4},"end":{"line":23,"column":25}},"14":{"start":{"line":24,"column":4},"end":{"line":24,"column":25}},"15":{"start":{"line":25,"column":4},"end":{"line":25,"column":33}},"16":{"start":{"line":28,"column":25},"end":{"line":28,"column":53}},"17":{"start":{"line":29,"column":17},"end":{"line":29,"column":37}},"18":{"start":{"line":30,"column":21},"end":{"line":30,"column":45}},"19":{"start":{"line":31,"column":15},"end":{"line":31,"column":33}},"20":{"start":{"line":32,"column":18},"end":{"line":32,"column":39}},"21":{"start":{"line":35,"column":4},"end":{"line":35,"column":103}},"22":{"start":{"line":35,"column":46},"end":{"line":35,"column":103}},"23":{"start":{"line":36,"column":4},"end":{"line":36,"column":34}},"24":{"start":{"line":39,"column":17},"end":{"line":39,"column":37}},"25":{"start":{"line":42,"column":4},"end":{"line":42,"column":69}},"26":{"start":{"line":42,"column":32},"end":{"line":42,"column":69}},"27":{"start":{"line":43,"column":4},"end":{"line":43,"column":40}},"28":{"start":{"line":43,"column":24},"end":{"line":43,"column":38}},"29":{"start":{"line":47,"column":4},"end":{"line":47,"column":102}},"30":{"start":{"line":47,"column":41},"end":{"line":47,"column":102}},"31":{"start":{"line":48,"column":4},"end":{"line":48,"column":104}},"32":{"start":{"line":48,"column":46},"end":{"line":48,"column":104}},"33":{"start":{"line":49,"column":4},"end":{"line":49,"column":26}},"34":{"start":{"line":50,"column":4},"end":{"line":50,"column":66}},"35":{"start":{"line":50,"column":31},"end":{"line":50,"column":66}},"36":{"start":{"line":54,"column":4},"end":{"line":63,"column":6}},"37":{"start":{"line":67,"column":0},"end":{"line":67,"column":30}}},"fnMap":{"0":{"name":"(anonymous_0)","decl":{"start":{"line":13,"column":2},"end":{"line":13,"column":3}},"loc":{"start":{"line":13,"column":37},"end":{"line":26,"column":3}},"line":13},"1":{"name":"(anonymous_1)","decl":{"start":{"line":28,"column":2},"end":{"line":28,"column":3}},"loc":{"start":{"line":28,"column":23},"end":{"line":28,"column":55}},"line":28},"2":{"name":"(anonymous_2)","decl":{"start":{"line":29,"column":2},"end":{"line":29,"column":3}},"loc":{"start":{"line":29,"column":15},"end":{"line":29,"column":39}},"line":29},"3":{"name":"(anonymous_3)","decl":{"start":{"line":30,"column":2},"end":{"line":30,"column":3}},"loc":{"start":{"line":30,"column":19},"end":{"line":30,"column":47}},"line":30},"4":{"name":"(anonymous_4)","decl":{"start":{"line":31,"column":2},"end":{"line":31,"column":3}},"loc":{"start":{"line":31,"column":13},"end":{"line":31,"column":35}},"line":31},"5":{"name":"(anonymous_5)","decl":{"start":{"line":32,"column":2},"end":{"line":32,"column":3}},"loc":{"start":{"line":32,"column":16},"end":{"line":32,"column":41}},"line":32},"6":{"name":"(anonymous_6)","decl":{"start":{"line":34,"column":2},"end":{"line":34,"column":3}},"loc":{"start":{"line":34,"column":21},"end":{"line":37,"column":3}},"line":34},"7":{"name":"(anonymous_7)","decl":{"start":{"line":39,"column":2},"end":{"line":39,"column":3}},"loc":{"start":{"line":39,"column":15},"end":{"line":39,"column":39}},"line":39},"8":{"name":"(anonymous_8)","decl":{"start":{"line":41,"column":2},"end":{"line":41,"column":3}},"loc":{"start":{"line":41,"column":31},"end":{"line":44,"column":3}},"line":41},"9":{"name":"(anonymous_9)","decl":{"start":{"line":43,"column":19},"end":{"line":43,"column":20}},"loc":{"start":{"line":43,"column":24},"end":{"line":43,"column":38}},"line":43},"10":{"name":"(anonymous_10)","decl":{"start":{"line":46,"column":2},"end":{"line":46,"column":3}},"loc":{"start":{"line":46,"column":18},"end":{"line":51,"column":3}},"line":46},"11":{"name":"(anonymous_11)","decl":{"start":{"line":53,"column":2},"end":{"line":53,"column":3}},"loc":{"start":{"line":53,"column":11},"end":{"line":64,"column":3}},"line":53}},"branchMap":{"0":{"loc":{"start":{"line":14,"column":4},"end":{"line":14,"column":55}},"type":"if","locations":[{"start":{"line":14,"column":4},"end":{"line":14,"column":55}},{"start":{},"end":{}}],"line":14},"1":{"loc":{"start":{"line":15,"column":4},"end":{"line":15,"column":57}},"type":"if","locations":[{"start":{"line":15,"column":4},"end":{"line":15,"column":57}},{"start":{},"end":{}}],"line":15},"2":{"loc":{"start":{"line":16,"column":4},"end":{"line":16,"column":82}},"type":"if","locations":[{"start":{"line":16,"column":4},"end":{"line":16,"column":82}},{"start":{},"end":{}}],"line":16},"3":{"loc":{"start":{"line":35,"column":4},"end":{"line":35,"column":103}},"type":"if","locations":[{"start":{"line":35,"column":4},"end":{"line":35,"column":103}},{"start":{},"end":{}}],"line":35},"4":{"loc":{"start":{"line":42,"column":4},"end":{"line":42,"column":69}},"type":"if","locations":[{"start":{"line":42,"column":4},"end":{"line":42,"column":69}},{"start":{},"end":{}}],"line":42},"5":{"loc":{"start":{"line":47,"column":4},"end":{"line":47,"column":102}},"type":"if","locations":[{"start":{"line":47,"column":4},"end":{"line":47,"column":102}},{"start":{},"end":{}}],"line":47},"6":{"loc":{"start":{"line":48,"column":4},"end":{"line":48,"column":104}},"type":"if","locations":[{"start":{"line":48,"column":4},"end":{"line":48,"column":104}},{"start":{},"end":{}}],"line":48},"7":{"loc":{"start":{"line":50,"column":4},"end":{"line":50,"column":66}},"type":"if","locations":[{"start":{"line":50,"column":4},"end":{"line":50,"column":66}},{"start":{},"end":{}}],"line":50}},"s":{"0":2,"1":2,"2":24,"3":1,"4":23,"5":0,"6":23,"7":1,"8":22,"9":22,"10":22,"11":22,"12":22,"13":22,"14":22,"15":22,"16":4,"17":5,"18":2,"19":5,"20":4,"21":4,"22":1,"23":3,"24":4,"25":2,"26":1,"27":1,"28":3,"29":6,"30":1,"31":5,"32":1,"33":4,"34":4,"35":1,"36":0,"37":2},"f":{"0":24,"1":4,"2":5,"3":2,"4":5,"5":4,"6":4,"7":4,"8":2,"9":3,"10":6,"11":0},"b":{"0":[1,23],"1":[0,23],"2":[1,22],"3":[1,3],"4":[1,1],"5":[1,5],"6":[1,4],"7":[1,3]},"_coverageSchema":"1a1c01bbd47fc00a2c39e90264f33305004495a9","hash":"69df94c98201664b6ebd868cb64287e168ef77ff"}
,"C:\\Users\\Unpre\\OneDrive\\Documents\\campus-lost-and-found\\src\\Student.js": {"path":"C:\\Users\\Unpre\\OneDrive\\Documents\\campus-lost-and-found\\src\\Student.js","statementMap":{"0":{"start":{"line":9,"column":13},"end":{"line":9,"column":30}},"1":{"start":{"line":19,"column":4},"end":{"line":19,"column":49}},"2":{"start":{"line":20,"column":4},"end":{"line":20,"column":81}},"3":{"start":{"line":20,"column":24},"end":{"line":20,"column":81}},"4":{"start":{"line":21,"column":4},"end":{"line":21,"column":35}},"5":{"start":{"line":22,"column":4},"end":{"line":22,"column":40}},"6":{"start":{"line":23,"column":4},"end":{"line":23,"column":29}},"7":{"start":{"line":24,"column":4},"end":{"line":24,"column":31}},"8":{"start":{"line":29,"column":20},"end":{"line":29,"column":43}},"9":{"start":{"line":30,"column":24},"end":{"line":30,"column":51}},"10":{"start":{"line":31,"column":24},"end":{"line":31,"column":56}},"11":{"start":{"line":32,"column":26},"end":{"line":32,"column":60}},"12":{"start":{"line":41,"column":4},"end":{"line":41,"column":55}},"13":{"start":{"line":41,"column":17},"end":{"line":41,"column":55}},"14":{"start":{"line":42,"column":4},"end":{"line":42,"column":79}},"15":{"start":{"line":50,"column":4},"end":{"line":50,"column":55}},"16":{"start":{"line":50,"column":17},"end":{"line":50,"column":55}},"17":{"start":{"line":51,"column":4},"end":{"line":51,"column":80}},"18":{"start":{"line":59,"column":4},"end":{"line":59,"column":57}},"19":{"start":{"line":59,"column":18},"end":{"line":59,"column":57}},"20":{"start":{"line":60,"column":4},"end":{"line":60,"column":69}},"21":{"start":{"line":68,"column":4},"end":{"line":68,"column":87}},"22":{"start":{"line":68,"column":39},"end":{"line":68,"column":87}},"23":{"start":{"line":69,"column":4},"end":{"line":69,"column":62}},"24":{"start":{"line":73,"column":4},"end":{"line":79,"column":6}},"25":{"start":{"line":83,"column":0},"end":{"line":83,"column":25}}},"fnMap":{"0":{"name":"(anonymous_0)","decl":{"start":{"line":18,"column":2},"end":{"line":18,"column":3}},"loc":{"start":{"line":18,"column":57},"end":{"line":25,"column":3}},"line":18},"1":{"name":"(anonymous_1)","decl":{"start":{"line":29,"column":2},"end":{"line":29,"column":3}},"loc":{"start":{"line":29,"column":18},"end":{"line":29,"column":45}},"line":29},"2":{"name":"(anonymous_2)","decl":{"start":{"line":30,"column":2},"end":{"line":30,"column":3}},"loc":{"start":{"line":30,"column":22},"end":{"line":30,"column":53}},"line":30},"3":{"name":"(anonymous_3)","decl":{"start":{"line":31,"column":2},"end":{"line":31,"column":3}},"loc":{"start":{"line":31,"column":22},"end":{"line":31,"column":58}},"line":31},"4":{"name":"(anonymous_4)","decl":{"start":{"line":32,"column":2},"end":{"line":32,"column":3}},"loc":{"start":{"line":32,"column":24},"end":{"line":32,"column":62}},"line":32},"5":{"name":"(anonymous_5)","decl":{"start":{"line":40,"column":2},"end":{"line":40,"column":3}},"loc":{"start":{"line":40,"column":25},"end":{"line":43,"column":3}},"line":40},"6":{"name":"(anonymous_6)","decl":{"start":{"line":49,"column":2},"end":{"line":49,"column":3}},"loc":{"start":{"line":49,"column":26},"end":{"line":52,"column":3}},"line":49},"7":{"name":"(anonymous_7)","decl":{"start":{"line":58,"column":2},"end":{"line":58,"column":3}},"loc":{"start":{"line":58,"column":23},"end":{"line":61,"column":3}},"line":58},"8":{"name":"(anonymous_8)","decl":{"start":{"line":67,"column":2},"end":{"line":67,"column":3}},"loc":{"start":{"line":67,"column":21},"end":{"line":70,"column":3}},"line":67},"9":{"name":"(anonymous_9)","decl":{"start":{"line":72,"column":2},"end":{"line":72,"column":3}},"loc":{"start":{"line":72,"column":11},"end":{"line":80,"column":3}},"line":72}},"branchMap":{"0":{"loc":{"start":{"line":20,"column":4},"end":{"line":20,"column":81}},"type":"if","locations":[{"start":{"line":20,"column":4},"end":{"line":20,"column":81}},{"start":{},"end":{}}],"line":20},"1":{"loc":{"start":{"line":41,"column":4},"end":{"line":41,"column":55}},"type":"if","locations":[{"start":{"line":41,"column":4},"en
[...]
art":{"line":83,"column":4},"end":{"line":91,"column":5}},"type":"if","locations":[{"start":{"line":83,"column":4},"end":{"line":91,"column":5}},{"start":{},"end":{}}],"line":83},"8":{"loc":{"start":{"line":85,"column":6},"end":{"line":89,"column":7}},"type":"if","locations":[{"start":{"line":85,"column":6},"end":{"line":89,"column":7}},{"start":{},"end":{}}],"line":85},"9":{"loc":{"start":{"line":120,"column":4},"end":{"line":122,"column":5}},"type":"if","locations":[{"start":{"line":120,"column":4},"end":{"line":122,"column":5}},{"start":{},"end":{}}],"line":120},"10":{"loc":{"start":{"line":120,"column":8},"end":{"line":120,"column":56}},"type":"binary-expr","locations":[{"start":{"line":120,"column":8},"end":{"line":120,"column":25}},{"start":{"line":120,"column":29},"end":{"line":120,"column":56}}],"line":120},"11":{"loc":{"start":{"line":132,"column":16},"end":{"line":132,"column":29}},"type":"default-arg","locations":[{"start":{"line":132,"column":27},"end":{"line":132,"column":29}}],"line":132},"12":{"loc":{"start":{"line":133,"column":4},"end":{"line":133,"column":32}},"type":"if","locations":[{"start":{"line":133,"column":4},"end":{"line":133,"column":32}},{"start":{},"end":{}}],"line":133},"13":{"loc":{"start":{"line":164,"column":4},"end":{"line":164,"column":41}},"type":"if","locations":[{"start":{"line":164,"column":4},"end":{"line":164,"column":41}},{"start":{},"end":{}}],"line":164}},"s":{"0":3,"1":3,"2":3,"3":3,"4":3,"5":54,"6":3,"7":51,"8":1,"9":50,"10":50,"11":50,"12":50,"13":50,"14":50,"15":50,"16":50,"17":50,"18":50,"19":50,"20":0,"21":2,"22":2,"23":6,"24":3,"25":4,"26":4,"27":0,"28":1,"29":12,"30":1,"31":11,"32":11,"33":10,"34":1,"35":9,"36":1,"37":8,"38":8,"39":6,"40":6,"41":1,"42":1,"43":1,"44":6,"45":2,"46":2,"47":2,"48":0,"49":1,"50":3,"51":1,"52":2,"53":2,"54":2,"55":2,"56":1,"57":2,"58":5,"59":10,"60":9,"61":1,"62":3},"f":{"0":54,"1":0,"2":2,"3":2,"4":6,"5":3,"6":4,"7":4,"8":0,"9":1,"10":12,"11":10,"12":0,"13":1,"14":3,"15":2,"16":2,"17":5,"18":10},"b":{"0":[3],"1":[3,51],"2":[54,53,52],"3":[1,50],"4":[1,11],"5":[1,9],"6":[1,8],"7":[6,2],"8":[1,5],"9":[1,2],"10":[3,3],"11":[0],"12":[1,1],"13":[9,1]},"_coverageSchema":"1a1c01bbd47fc00a2c39e90264f33305004495a9","hash":"913388edced60d47e2547df484841d58439bde6e"}
,"C:\\Users\\Unpre\\OneDrive\\Documents\\campus-lost-and-found\\src\\UserSession.js": {"path":"C:\\Users\\Unpre\\OneDrive\\Documents\\campus-lost-and-found\\src\\UserSession.js","statementMap":{"0":{"start":{"line":14,"column":23},"end":{"line":14,"column":38}},"1":{"start":{"line":16,"column":28},"end":{"line":16,"column":46}},"2":{"start":{"line":17,"column":22},"end":{"line":17,"column":36}},"3":{"start":{"line":18,"column":23},"end":{"line":18,"column":37}},"4":{"start":{"line":20,"column":23},"end":{"line":20,"column":66}},"5":{"start":{"line":28,"column":4},"end":{"line":28,"column":55}},"6":{"start":{"line":28,"column":17},"end":{"line":28,"column":55}},"7":{"start":{"line":29,"column":4},"end":{"line":29,"column":59}},"8":{"start":{"line":29,"column":19},"end":{"line":29,"column":59}},"9":{"start":{"line":31,"column":4},"end":{"line":31,"column":31}},"10":{"start":{"line":32,"column":4},"end":{"line":32,"column":26}},"11":{"start":{"line":33,"column":4},"end":{"line":33,"column":30}},"12":{"start":{"line":34,"column":4},"end":{"line":34,"column":28}},"13":{"start":{"line":35,"column":4},"end":{"line":35,"column":32}},"14":{"start":{"line":36,"column":4},"end":{"line":36,"column":65}},"15":{"start":{"line":37,"column":4},"end":{"line":37,"column":38}},"16":{"start":{"line":42,"column":20},"end":{"line":42,"column":43}},"17":{"start":{"line":43,"column":17},"end":{"line":43,"column":37}},"18":{"start":{"line":44,"column":19},"end":{"line":44,"column":41}},"19":{"start":{"line":45,"column":17},"end":{"line":45,"column":37}},"20":{"start":{"line":46,"column":19},"end":{"line":46,"column":41}},"21":{"start":{"line":47,"column":20},"end":{"line":47,"column":43}},"22":{"start":{"line":55,"column":4},"end":{"line":55,"column":28}},"23":{"start":{"line":56,"column":4},"end":{"line":56,"column":38}},"24":{"start":{"line":57,"column":4},"end":{"line":57,"column":25}},"25":{"start":{"line":66,"column":4},"end":{"line":66,"column":47}},"26":{"start":{"line":66,"column":34},"end":{"line":66,"column":47}},"27":{"start":{"line":67,"column":4},"end":{"line":67,"column":33}},"28":{"start":{"line":68,"column":4},"end":{"line":68,"column":37}},"29":{"start":{"line":75,"column":4},"end":{"line":77,"column":5}},"30":{"start":{"line":76,"column":6},"end":{"line":76,"column":66}},"31":{"start":{"line":78,"column":4},"end":{"line":78,"column":38}},"32":{"start":{"line":79,"column":4},"end":{"line":79,"column":65}},"33":{"start":{"line":80,"column":4},"end":{"line":80,"column":28}},"34":{"start":{"line":87,"column":4},"end":{"line":87,"column":32}},"35":{"start":{"line":88,"column":4},"end":{"line":88,"column":26}},"36":{"start":{"line":96,"column":4},"end":{"line":96,"column":40}},"37":{"start":{"line":100,"column":4},"end":{"line":107,"column":6}},"38":{"start":{"line":113,"column":16},"end":{"line":113,"column":26}},"39":{"start":{"line":114,"column":25},"end":{"line":114,"column":61}},"40":{"start":{"line":116,"column":4},"end":{"line":119,"column":5}},"41":{"start":{"line":117,"column":6},"end":{"line":117,"column":31}},"42":{"start":{"line":118,"column":6},"end":{"line":118,"column":13}},"43":{"start":{"line":120,"column":4},"end":{"line":123,"column":5}},"44":{"start":{"line":121,"column":6},"end":{"line":121,"column":31}},"45":{"start":{"line":122,"column":6},"end":{"line":122,"column":13}},"46":{"start":{"line":124,"column":4},"end":{"line":127,"column":5}},"47":{"start":{"line":125,"column":6},"end":{"line":125,"column":28}},"48":{"start":{"line":126,"column":6},"end":{"line":126,"column":13}},"49":{"start":{"line":128,"column":4},"end":{"line":130,"column":5}},"50":{"start":{"line":129,"column":6},"end":{"line":129,"column":30}},"51":{"start":{"line":134,"column":0},"end":{"line":134,"column":29}}},"fnMap":{"0":{"name":"(anonymous_0)","decl":{"start":{"line":27,"column":2},"end":{"line":27,"column":3}},"loc":{"start":{"line":27,"column":32},"end":{"line":38,"column":3}},"line":27},"1":{"name":"(anonymous_1)","decl":{"start":{"line":42,"column":2},"end":{"line":42,"column":3}},"loc":{"start":{"line":42,"column":18},"end":{"line":42,"column":45}},"line":42},"2":{"name":"(anonymous_2)","decl":{"start":{"line":43,"column":2},"end":{"line":43,"column":3}},"loc":{"start":{"line":43,"column":15},"end":{"line":43,"column":39}},"line":43},"3":{"name":"(anonymous_3)","decl":{"start":{"line":44,"column":2},"end":{"line":44,"column":3}},"loc":{"start":{"line":44,"column":17},"end":{"line":44,"column":43}},"line":44},"4":{"name":"(anonymous_4)","decl":{"start":{"line":45,"column":2},"end":{"line":45,"column":3}},"loc":{"start":{"line":45,"column":15},"end":{"line":45,"column":39}},"line":45},"5":{"name":"(anonymous_5)","decl":{"start":{"line":46,"column":2},"end":{"line":46,"column":3}},"loc":{"start":{"line":46,"column":17},"end":{"line":46,"column":43}},"line":46},"6":{"name":"(anonymous_6)","decl":{"start":{"line":47,"column":2},"end":{"line":47,"column":3}},"loc":{"start":{"line":47,"column":18},"end":{"line":47,"column":45}},"line":47},"7":{"name":"(anonymous_7)","decl":{"start":{"line":54,"column":2},"end":{"line":54,"column":3}},"loc":{"start":{"line":54,"column":18},"end":{"line":58,"column":3}},"line":54},"8":{"name":"(anonymous_8)","decl":{"start":{"line":65,"column":2},"end":{"line":65,"column":3}},"loc":{"start":{"line":65,"column":23},"end":{"line":69,"column":3}},"line":65},"9":{"name":"(anonymous_9)","decl":{"start":{"line":74,"column":2},"end":{"line":74,"column":3}},"loc":{"start":{"line":74,"column":19},"end":{"line":81,"column":3}},"line":74},"10":{"name":"(anonymous_10)","decl":{"start":{"line":86,"column":2},"end":{"line":86,"column":3}},"loc":{"start":{"line":86,"column":21},"end":{"line":89,"column":3}},"line":86},"11":{"name":"(anonymous_11)","decl":{"start":{"line":95,"column":2},"end":{"line":95,"column":3}},"loc":{"start":{"line":95,"column":14},"end":{"line":97,"column":3}},"line":95},"12":{"name":"(anonymous_12)","decl":{"start":{"line":99,"column":2},"end":{"line":99,"column":3}},"loc":{"start":{"line":99,"column":11},"end":{"line":108,"column":3}},"line":99},"13":{"name":"(anonymous_13)","decl":{"start":{"line":112,"column":2},"end":{"line":112,"column":3}},"loc":{"start":{"line":112,"column":26},"end":{"line":131,"column":3}},"line":112}},"branchMap":{"0":{"loc":{"start":{"line":28,"column":4},"end":{"line":28,"column":55}},"type":"if","locations":[{"start":{"line":28,"column":4},"end":{"line":28,"column":55}},{"start":{},"end":{}}],"line":28},"1":{"loc":{"start":{"line":29,"column":4},"end":{"line":29,"column":59}},"type":"if","locations":[{"start":{"line":29,"column":4},"end":{"line":29,"column":59}},{"start":{},"end":{}}],"line":29},"2":{"loc":{"start":{"line":66,"column":4},"end":{"line":66,"column":47}},"type":"if","locations":[{"start":{"line":66,"column":4},"end":{"line":66,"column":47}},{"start":{},"end":{}}],"line":66},"3":{"loc":{"start":{"line":75,"column":4},"end":{"line":77,"column":5}},"type":"if","locations":[{"start":{"line":75,"column":4},"end":{"line":77,"column":5}},{"start":{},"end":{}}],"line":75},"4":{"loc":{"start":{"line":116,"column":4},"end":{"line":119,"column":5}},"type":"if","locations":[{"start":{"line":116,"column":4},"end":{"line":119,"column":5}},{"start":{},"end":{}}],"line":116},"5":{"loc":{"start":{"line":120,"column":4},"end":{"line":123,"column":5}},"type":"if","locations":[{"start":{"line":120,"column":4},"end":{"line":123,"column":5}},{"start":{},"end":{}}],"line":120},"6":{"loc":{"start":{"line":120,"column":8},"end":{"line":120,"column":65}},"type":"binary-expr","locations":[{"start":{"line":120,"column":8},"end":{"line":120,"column":38}},{"start":{"line":120,"column":42},"end":{"line":120,"column":65}}],"line":120},"7":{"loc":{"start":{"line":124,"column":4},"end":{"line":127,"column":5}},"type":"if","locations":[{"start":{"line":124,"column":4},"end":{"line":127,"column":5}},{"start":{},"end":{}}],"line":124},"8":{"loc":{"start":{"line":128,"column":4},"end":{"line":130,"column":5}},"type":"if","locations":[{"start":{"line":128,"column":4},"end":{"line":130,"column":5}},{"start":{},"end":{}}],"line":128}},"s":{"0":1,"1":1,"2":1,"3":1,"4":1,"5":14,"6":1,"7":13,"8":1,"9":12,"10":12,"11":12,"12":12,"13":12,"14":12,"15":12,"16":0,"17":0,"18":2,"19":4,"20":0,"21":2,"22":1,"23":1,"24":1,"25":3,"26":1,"27":2,"28":2,"29":3,"30":2,"31":1,"32":1,"33":1,"34":2,"35":2,"36":4,"37":1,"38":2,"39":2,"40":2,"41":1,"42":1,"43":1,"44":0,"45":0,"46":1,"47":0,"48":0,"49":1,"50":0,"51":1},"f":{"0":14,"1":0,"2":0,"3":2,"4":4,"5":0,"6":2,"7":1,"8":3,"9":3,"10":2,"11":4,"12":1,"13":2},"b":{"0":[1,13],"1":[1,12],"2":[1,2],"3":[2,1],"4":[1,1],"5":[0,1],"6":[1,0],"7":[0,1],"8":[0,1]},"_coverageSchema":"1a1c01bbd47fc00a2c39e90264f33305004495a9","hash":"c2e092e378cb69094ad1bbb3dfdea56abea293c8"}
,"C:\\Users\\Unpre\\OneDrive\\Documents\\campus-lost-and-found\\src\\image.js": {"path":"C:\\Users\\Unpre\\OneDrive\\Documents\\campus-lost-and-found\\src\\image.js","statementMap":{"0":{"start":{"line":14,"column":23},"end":{"line":14,"column":38}},"1":{"start":{"line":16,"column":22},"end":{"line":16,"column":62}},"2":{"start":{"line":17,"column":23},"end":{"line":17,"column":38}},"3":{"start":{"line":28,"column":4},"end":{"line":28,"column":55}},"4":{"start":{"line":28,"column":17},"end":{"line":28,"column":55}},"5":{"start":{"line":30,"column":4},"end":{"line":30,"column":29}},"6":{"start":{"line":31,"column":4},"end":{"line":31,"column":26}},"7":{"start":{"line":32,"column":4},"end":{"line":32,"column":48}},"8":{"start":{"line":33,"column":4},"end":{"line":33,"column":38}},"9":{"start":{"line":34,"column":4},"end":{"line":34,"column":35}},"10":{"start":{"line":35,"column":4},"end":{"line":35,"column":38}},"11":{"start":{"line":36,"column":4},"end":{"line":36,"column":34}},"12":{"start":{"line":37,"column":4},"end":{"line":37,"column":29}},"13":{"start":{"line":42,"column":18},"end":{"line":42,"column":39}},"14":{"start":{"line":43,"column":17},"end":{"line":43,"column":37}},"15":{"start":{"line":44,"column":24},"end":{"line":44,"column":51}},"16":{"start":{"line":45,"column":19},"end":{"line":45,"column":41}},"17":{"start":{"line":46,"column":19},"end":{"line":46,"column":41}},"18":{"start":{"line":47,"column":19},"end":{"line":47,"column":41}},"19":{"start":{"line":48,"column":21},"end":{"line":48,"column":45}},"20":{"start":{"line":49,"column":21},"end":{"line":49,"column":45}},"21":{"start":{"line":59,"column":4},"end":{"line":59,"column":66}},"22":{"start":{"line":68,"column":4},"end":{"line":68,"column":89}},"23":{"start":{"line":78,"column":50},"end":{"line":78,"column":62}},"24":{"start":{"line":80,"column":4},"end":{"line":82,"column":5}},"25":{"start":{"line":81,"column":6},"end":{"line":81,"column":87}},"26":{"start":{"line":83,"column":4},"end":{"line":85,"column":5}},"27":{"start":{"line":84,"column":6},"end":{"line":84,"column":76}},"28":{"start":{"line":86,"column":4},"end":{"line":86,"column":60}},"29":{"start":{"line":86,"column":14},"end":{"line":86,"column":60}},"30":{"start":{"line":88,"column":4},"end":{"line":88,"column":30}},"31":{"start":{"line":89,"column":4},"end":{"line":89,"column":30}},"32":{"start":{"line":90,"column":4},"end":{"line":90,"column":30}},"33":{"start":{"line":91,"column":4},"end":{"line":91,"column":30}},"34":{"start":{"line":92,"column":4},"end":{"line":92,"column":34}},"35":{"start":{"line":93,"column":4},"end":{"line":93,"column":28}},"36":{"start":{"line":95,"column":4},"end":{"line":95,"column":31}},"37":{"start":{"line":102,"column":4},"end":{"line":102,"column":83}},"38":{"start":{"line":102,"column":25},"end":{"line":102,"column":83}},"39":{"start":{"line":103,"column":28},"end":{"line":103,"column":42}},"40":{"start":{"line":104,"column":4},"end":{"line":104,"column":31}},"41":{"start":{"line":105,"column":4},"end":{"line":105,"column":26}},"42":{"start":{"line":106,"column":4},"end":{"line":106,"column":29}},"43":{"start":{"line":107,"column":4},"end":{"line":107,"column":40}},"44":{"start":{"line":111,"column":4},"end":{"line":120,"column":6}},"45":{"start":{"line":124,"column":0},"end":{"line":124,"column":23}}},"fnMap":{"0":{"name":"(anonymous_0)","decl":{"start":{"line":27,"column":2},"end":{"line":27,"column":3}},"loc":{"start":{"line":27,"column":67},"end":{"line":38,"column":3}},"line":27},"1":{"name":"(anonymous_1)","decl":{"start":{"line":42,"column":2},"end":{"line":42,"column":3}},"loc":{"start":{"line":42,"column":16},"end":{"line":42,"column":41}},"line":42},"2":{"name":"(anonymous_2)","decl":{"start":{"line":43,"column":2},"end":{"line":43,"column":3}},"loc":{"start":{"line":43,"column":15},"end":{"line":43,"column":39}},"line":43},"3":{"name":"(anonymous_3)","decl":{"start":{"line":44,"column":2},"end":{"line":44,"column":3}},"loc":{"start":{"line":44,"column":22},"end":{"line":44,"column":53}},"line":44},"4":{"name":"(anonymous_4)","decl":{"start":{"line":45,"column":2},"end":{"line":45,"column":3}},"loc":{"start":{"line":45,"column":17},"end":{"line":45,"column":43}},"line":45},"5":{"name":"(anonymous_5)","decl":{"start":{"line":46,"column":2},"end":{"line":46,"column":3}},"loc":{"start":{"line":46,"column":17},"end":{"line":46,"column":43}},"line":46},"6":{"name":"(anonymous_6)","decl":{"start":{"line":47,"column":2},"end":{"line":47,"column":3}},"loc":{"start":{"line":47,"column":17},"end":{"line":47,"column":43}},"line":47},"7":{"name":"(anonymous_7)","decl":{"start":{"line":48,"column":2},"end":{"line":48,"column":3}},"loc":{"start":{"line":48,"column":19},"end":{"line":48,"column":47}},"line":48},"8":{"name":"(anonymous_8)","decl":{"start":{"line":49,"column":2},"end":{"line":49,"column":3}},"loc":{"start":{"line":49,"column":19},"end":{"line":49,"column":47}},"line":49},"9":{"name":"(anonymous_9)","decl":{"start":{"line":58,"column":2},"end":{"line":58,"column":3}},"loc":{"start":{"line":58,"column":29},"end":{"line":60,"column":3}},"line":58},"10":{"name":"(anonymous_10)","decl":{"start":{"line":67,"column":2},"end":{"line":67,"column":3}},"loc":{"start":{"line":67,"column":30},"end":{"line":69,"column":3}},"line":67},"11":{"name":"(anonymous_11)","decl":{"start":{"line":77,"column":2},"end":{"line":77,"column":3}},"loc":{"start":{"line":77,"column":28},"end":{"line":96,"column":3}},"line":77},"12":{"name":"(anonymous_12)","decl":{"start":{"line":101,"column":2},"end":{"line":101,"column":3}},"loc":{"start":{"line":101,"column":16},"end":{"line":108,"column":3}},"line":101},"13":{"name":"(anonymous_13)","decl":{"start":{"line":110,"column":2},"end":{"line":110,"column":3}},"loc":{"start":{"line":110,"column":11},"end":{"line":121,"column":3}},"line":110}},"branchMap":{"0":{"loc":{"start":{"line":28,"column":4},"end":{"line":28,"column":55}},"type":"if","locations":[{"start":{"line":28,"column":4},"end":{"line":28,"column":55}},{"start":{},"end":{}}],"line":28},"1":{"loc":{"start":{"line":32,"column":26},"end":{"line":32,"column":47}},"type":"binary-expr","locations":[{"start":{"line":32,"column":26},"end":{"line":32,"column":39}},{"start":{"line":32,"column":43},"end":{"line":32,"column":47}}],"line":32},"2":{"loc":{"start":{"line":33,"column":21},"end":{"line":33,"column":37}},"type":"binary-expr","locations":[{"start":{"line":33,"column":21},"end":{"line":33,"column":29}},{"start":{"line":33,"column":33},"end":{"line":33,"column":37}}],"line":33},"3":{"loc":{"start":{"line":34,"column":21},"end":{"line":34,"column":34}},"type":"binary-expr","locations":[{"start":{"line":34,"column":21},"end":{"line":34,"column":29}},{"start":{"line":34,"column":33},"end":{"line":34,"column":34}}],"line":34},"4":{"loc":{"start":{"line":35,"column":21},"end":{"line":35,"column":37}},"type":"binary-expr","locations":[{"start":{"line":35,"column":21},"end":{"line":35,"column":29}},{"start":{"line":35,"column":33},"end":{"line":35,"column":37}}],"line":35},"5":{"loc":{"start":{"line":59,"column":35},"end":{"line":59,"column":49}},"type":"binary-expr","locations":[{"start":{"line":59,"column":35},"end":{"line":59,"column":43}},{"start":{"line":59,"column":47},"end":{"line":59,"column":49}}],"line":59},"6":{"loc":{"start":{"line":68,"column":11},"end":{"line":68,"column":88}},"type":"binary-expr","locations":[{"start":{"line":68,"column":11},"end":{"line":68,"column":40}},{"start":{"line":68,"column":44},"end":{"line":68,"column":57}},{"start":{"line":68,"column":61},"end":{"line":68,"column":88}}],"line":68},"7":{"loc":{"start":{"line":80,"column":4},"end":{"line":82,"column":5}},"type":"if","locations":[{"start":{"line":80,"column":4},"end":{"line":82,"column":5}},{"start":{},"end":{}}],"line":80},"8":{"loc":{"start":{"line":83,"column":4},"end":{"line":85,"column":5}},"type":"if","locations":[{"start":{"line":83,"column":4},"end":{"line":85,"column":5}},{"start":{},"end":{}}],"line":83},"9":{"loc":{"start":{"line":86,"column":4},"end":{"line":86,"column":60}},"type":"if","locations":[{"start":{"line":86,"column":4},"end":{"line":86,"column":60}},{"start":{},"end":{}}],"line":86},"10":{"loc":{"start":{"line":102,"column":4},"end":{"line":102,"column":83}},"type":"if","locations":[{"start":{"line":102,"column":4},"end":{"line":102,"column":83}},{"start":{},"end":{}}],"line":102}},"s":{"0":0,"1":0,"2":0,"3":0,"4":0,"5":0,"6":0,"7":0,"8":0,"9":0,"10":0,"11":0,"12":0,"13":0,"14":0,"15":0,"16":0,"17":0,"18":0,"19":0,"20":0,"21":0,"22":0,"23":0,"24":0,"25":0,"26":0,"27":0,"28":0,"29":0,"30":0,"31":0,"32":0,"33":0,"34":0,"35":0,"36":0,"37":0,"38":0,"39":0,"40":0,"41":0,"42":0,"43":0,"44":0,"45":0},"f":{"0":0,"1":0,"2":0,"3":0,"4":0,"5":0,"6":0,"7":0,"8":0,"9":0,"10":0,"11":0,"12":0,"13":0},"b":{"0":[0,0],"1":[0,0],"2":[0,0],"3":[0,0],"4":[0,0],"5":[0,0],"6":[0,0,0],"7":[0,0],"8":[0,0],"9":[0,0],"10":[0,0]}}
}
