TN:
SF:creational_patterns\DatabaseConnection.js
FN:28,(anonymous_0)
FN:60,(anonymous_1)
FN:70,(anonymous_2)
FN:80,(anonymous_3)
FN:90,(anonymous_4)
FN:100,(anonymous_5)
FN:110,(anonymous_6)
FN:116,(anonymous_7)
FN:117,(anonymous_8)
FN:118,(anonymous_9)
FN:122,(anonymous_10)
FNF:11
FNH:0
FNDA:0,(anonymous_0)
FNDA:0,(anonymous_1)
FNDA:0,(anonymous_2)
FNDA:0,(anonymous_3)
FNDA:0,(anonymous_4)
FNDA:0,(anonymous_5)
FNDA:0,(anonymous_6)
FNDA:0,(anonymous_7)
FNDA:0,(anonymous_8)
FNDA:0,(anonymous_9)
FNDA:0,(anonymous_10)
DA:21,0
DA:29,0
DA:30,0
DA:35,0
DA:48,0
DA:49,0
DA:50,0
DA:61,0
DA:62,0
DA:64,0
DA:71,0
DA:81,0
DA:91,0
DA:93,0
DA:102,0
DA:103,0
DA:112,0
DA:113,0
DA:116,0
DA:117,0
DA:118,0
DA:124,0
DA:128,0
LF:23
LH:0
BRDA:28,0,0,0
BRDA:29,1,0,0
BRDA:29,1,1,0
BRDA:36,2,0,0
BRDA:36,2,1,0
BRDA:36,2,2,0
BRDA:37,3,0,0
BRDA:37,3,1,0
BRDA:37,3,2,0
BRDA:38,4,0,0
BRDA:38,4,1,0
BRDA:38,4,2,0
BRDA:39,5,0,0
BRDA:39,5,1,0
BRDA:39,5,2,0
BRDA:40,6,0,0
BRDA:40,6,1,0
BRDA:40,6,2,0
BRDA:41,7,0,0
BRDA:41,7,1,0
BRDA:60,8,0,0
BRDA:61,9,0,0
BRDA:61,9,1,0
BRDA:90,10,0,0
BRF:24
BRH:0
end_of_record
TN:
SF:creational_patterns\ItemReportAbstractFactory.js
FN:38,(anonymous_0)
FN:46,(anonymous_1)
FN:59,(anonymous_2)
FNF:3
FNH:2
FNDA:0,(anonymous_0)
FNDA:3,(anonymous_1)
FNDA:2,(anonymous_2)
DA:21,1
DA:22,1
DA:39,0
DA:47,3
DA:50,3
DA:51,3
DA:52,3
DA:60,2
DA:63,2
DA:64,2
DA:65,2
DA:66,2
DA:70,1
LF:13
LH:12
BRF:0
BRH:0
end_of_record
TN:
SF:creational_patterns\ItemReportBuilder.js
FN:22,(anonymous_0)
FN:33,(anonymous_1)
FN:34,(anonymous_2)
FN:35,(anonymous_3)
FN:36,(anonymous_4)
FN:37,(anonymous_5)
FN:38,(anonymous_6)
FN:39,(anonymous_7)
FN:40,(anonymous_8)
FN:46,(anonymous_9)
FN:75,(anonymous_10)
FN:95,(anonymous_11)
FN:102,(anonymous_12)
FN:117,(anonymous_13)
FNF:14
FNH:14
FNDA:12,(anonymous_0)
FNDA:12,(anonymous_1)
FNDA:12,(anonymous_2)
FNDA:10,(anonymous_3)
FNDA:9,(anonymous_4)
FNDA:3,(anonymous_5)
FNDA:9,(anonymous_6)
FNDA:9,(anonymous_7)
FNDA:2,(anonymous_8)
FNDA:12,(anonymous_9)
FNDA:5,(anonymous_10)
FNDA:3,(anonymous_11)
FNDA:2,(anonymous_12)
FNDA:2,(anonymous_13)
DA:19,1
DA:23,12
DA:24,12
DA:25,12
DA:26,12
DA:27,12
DA:28,12
DA:29,12
DA:30,12
DA:33,12
DA:34,12
DA:35,10
DA:36,9
DA:37,3
DA:38,9
DA:39,9
DA:40,2
DA:47,12
DA:56,12
DA:57,57
DA:60,8
DA:76,5
DA:77,5
DA:78,5
DA:79,5
DA:80,5
DA:81,5
DA:82,5
DA:83,5
DA:84,5
DA:96,3
DA:103,2
DA:118,2
DA:132,1
LF:34
LH:34
BRDA:57,0,0,4
BRDA:57,0,1,53
BRF:2
BRH:2
end_of_record
TN:
SF:creational_patterns\ItemReportPrototype.js
FN:27,(anonymous_0)
FN:42,(anonymous_1)
FN:56,(anonymous_2)
FN:62,(anonymous_3)
FN:71,(anonymous_4)
FN:81,(anonymous_5)
FN:91,(anonymous_6)
FN:98,buildDefaultCache
FNF:8
FNH:0
FNDA:0,(anonymous_0)
FNDA:0,(anonymous_1)
FNDA:0,(anonymous_2)
FNDA:0,(anonymous_3)
FNDA:0,(anonymous_4)
FNDA:0,(anonymous_5)
FNDA:0,(anonymous_6)
FNDA:0,buildDefaultCache
DA:19,0
DA:28,0
DA:29,0
DA:31,0
DA:43,0
DA:44,0
DA:56,0
DA:63,0
DA:72,0
DA:82,0
DA:83,0
DA:84,0
DA:92,0
DA:99,0
DA:101,0
DA:114,0
DA:127,0
DA:140,0
DA:143,0
LF:19
LH:0
BRDA:28,0,0,0
BRDA:28,0,1,0
BRDA:42,1,0,0
BRDA:45,2,0,0
BRDA:45,2,1,0
BRDA:47,3,0,0
BRDA:47,3,1,0
BRDA:48,4,0,0
BRDA:48,4,1,0
BRDA:50,5,0,0
BRDA:50,5,1,0
BRDA:51,6,0,0
BRDA:51,6,1,0
BRDA:52,7,0,0
BRDA:52,7,1,0
BRDA:81,8,0,0
BRDA:83,9,0,0
BRDA:83,9,1,0
BRDA:98,10,0,0
BRF:19
BRH:0
end_of_record
TN:
SF:creational_patterns\NotificationCreator.js
FN:31,(anonymous_0)
FN:41,(anonymous_1)
FN:51,(anonymous_2)
FN:58,(anonymous_3)
FN:65,(anonymous_4)
FN:72,(anonymous_5)
FN:79,(anonymous_6)
FNF:7
FNH:7
FNDA:1,(anonymous_0)
FNDA:1,(anonymous_1)
FNDA:1,(anonymous_2)
FNDA:2,(anonymous_3)
FNDA:1,(anonymous_4)
FNDA:1,(anonymous_5)
FNDA:1,(anonymous_6)
DA:19,1
DA:32,1
DA:42,1
DA:43,1
DA:44,1
DA:52,1
DA:53,1
DA:59,2
DA:60,2
DA:66,1
DA:67,1
DA:73,1
DA:74,1
DA:80,1
DA:81,1
DA:85,1
LF:16
LH:16
BRF:0
BRH:0
end_of_record
TN:
SF:creational_patterns\UserFactory.js
FN:36,(anonymous_0)
FNF:1
FNH:1
FNDA:6,(anonymous_0)
DA:18,1
DA:19,1
DA:20,1
DA:37,6
DA:39,2
DA:40,1
DA:43,2
DA:44,1
DA:47,1
DA:50,1
DA:55,1
LF:11
LH:11
BRDA:36,0,0,2
BRDA:37,1,0,2
BRDA:37,1,1,2
BRDA:37,1,2,1
BRDA:37,1,3,1
BRDA:39,2,0,1
BRDA:39,2,1,1
BRDA:43,3,0,1
BRDA:43,3,1,1
BRF:9
BRH:9
end_of_record
TN:
SF:src\Admin.js
FN:18,(anonymous_0)
FN:26,(anonymous_1)
FN:27,(anonymous_2)
FN:35,(anonymous_3)
FN:42,(anonymous_4)
FN:49,(anonymous_5)
FN:61,(anonymous_6)
FN:72,(anonymous_7)
FN:78,(anonymous_8)
FNF:9
FNH:8
FNDA:10,(anonymous_0)
FNDA:0,(anonymous_1)
FNDA:2,(anonymous_2)
FNDA:1,(anonymous_3)
FNDA:1,(anonymous_4)
FNDA:1,(anonymous_5)
FNDA:3,(anonymous_6)
FNDA:3,(anonymous_7)
FNDA:1,(anonymous_8)
DA:10,2
DA:19,10
DA:20,10
DA:21,10
DA:26,0
DA:27,2
DA:36,1
DA:43,1
DA:50,1
DA:62,3
DA:63,1
DA:65,2
DA:73,3
DA:74,2
DA:79,1
DA:87,2
LF:16
LH:15
BRDA:61,0,0,0
BRDA:62,1,0,1
BRDA:62,1,1,2
BRDA:73,2,0,2
BRDA:73,2,1,1
BRF:5
BRH:4
end_of_record
TN:
SF:src\AdminCase.js
FN:33,(anonymous_0)
FN:50,(anonymous_1)
FN:51,(anonymous_2)
FN:52,(anonymous_3)
FN:53,(anonymous_4)
FN:54,(anonymous_5)
FN:55,(anonymous_6)
FN:56,(anonymous_7)
FN:63,(anonymous_8)
FN:72,(anonymous_9)
FN:85,(anonymous_10)
FN:95,(anonymous_11)
FN:108,(anonymous_12)
FN:121,(anonymous_13)
FN:130,(anonymous_14)
FN:142,(anonymous_15)
FN:150,(anonymous_16)
FNF:17
FNH:14
FNDA:27,(anonymous_0)
FNDA:0,(anonymous_1)
FNDA:1,(anonymous_2)
FNDA:0,(anonymous_3)
FNDA:7,(anonymous_4)
FNDA:4,(anonymous_5)
FNDA:0,(anonymous_6)
FNDA:2,(anonymous_7)
FNDA:6,(anonymous_8)
FNDA:4,(anonymous_9)
FNDA:3,(anonymous_10)
FNDA:5,(anonymous_11)
FNDA:3,(anonymous_12)
FNDA:14,(anonymous_13)
FNDA:2,(anonymous_14)
FNDA:2,(anonymous_15)
FNDA:7,(anonymous_16)
DA:14,2
DA:16,2
DA:25,2
DA:26,2
DA:34,27
DA:35,26
DA:37,25
DA:38,25
DA:39,25
DA:40,25
DA:41,25
DA:42,25
DA:43,25
DA:44,25
DA:45,25
DA:50,0
DA:51,1
DA:52,0
DA:53,7
DA:54,4
DA:55,0
DA:56,2
DA:64,6
DA:65,6
DA:73,4
DA:74,3
DA:75,1
DA:77,2
DA:78,2
DA:86,3
DA:87,2
DA:88,2
DA:96,5
DA:97,4
DA:98,4
DA:99,4
DA:100,4
DA:101,4
DA:109,3
DA:110,1
DA:112,2
DA:113,2
DA:114,2
DA:122,14
DA:123,13
DA:131,2
DA:132,1
DA:133,1
DA:134,1
DA:143,2
DA:144,1
DA:145,1
DA:146,1
DA:147,1
DA:151,7
DA:163,2
LF:56
LH:53
BRDA:34,0,0,1
BRDA:34,0,1,26
BRDA:35,1,0,1
BRDA:35,1,1,25
BRDA:73,2,0,1
BRDA:73,2,1,3
BRDA:74,3,0,1
BRDA:74,3,1,2
BRDA:85,4,0,2
BRDA:86,5,0,1
BRDA:86,5,1,2
BRDA:96,6,0,1
BRDA:96,6,1,4
BRDA:108,7,0,3
BRDA:109,8,0,1
BRDA:109,8,1,2
BRDA:122,9,0,1
BRDA:122,9,1,13
BRDA:122,10,0,14
BRDA:122,10,1,13
BRDA:131,11,0,1
BRDA:131,11,1,1
BRDA:131,12,0,2
BRDA:131,12,1,1
BRDA:143,13,0,1
BRDA:143,13,1,1
BRDA:144,14,0,1
BRDA:144,14,1,1
BRF:28
BRH:28
end_of_record
TN:
SF:src\Claim.js
FN:14,(anonymous_0)
FN:31,(anonymous_1)
FN:32,(anonymous_2)
FN:33,(anonymous_3)
FN:34,(anonymous_4)
FN:35,(anonymous_5)
FN:36,(anonymous_6)
FN:37,(anonymous_7)
FN:38,(anonymous_8)
FN:40,(anonymous_9)
FN:47,(anonymous_10)
FN:54,(anonymous_11)
FN:62,(anonymous_12)
FN:74,(anonymous_13)
FN:83,(anonymous_14)
FNF:15
FNH:0
FNDA:0,(anonymous_0)
FNDA:0,(anonymous_1)
FNDA:0,(anonymous_2)
FNDA:0,(anonymous_3)
FNDA:0,(anonymous_4)
FNDA:0,(anonymous_5)
FNDA:0,(anonymous_6)
FNDA:0,(anonymous_7)
FNDA:0,(anonymous_8)
FNDA:0,(anonymous_9)
FNDA:0,(anonymous_10)
FNDA:0,(anonymous_11)
FNDA:0,(anonymous_12)
FNDA:0,(anonymous_13)
FNDA:0,(anonymous_14)
DA:8,0
DA:10,0
DA:11,0
DA:15,0
DA:16,0
DA:17,0
DA:18,0
DA:21,0
DA:22,0
DA:23,0
DA:24,0
DA:25,0
DA:26,0
DA:27,0
DA:28,0
DA:31,0
DA:32,0
DA:33,0
DA:34,0
DA:35,0
DA:36,0
DA:37,0
DA:38,0
DA:41,0
DA:42,0
DA:44,0
DA:48,0
DA:49,0
DA:51,0
DA:55,0
DA:56,0
DA:58,0
DA:59,0
DA:63,0
DA:64,0
DA:66,0
DA:67,0
DA:69,0
DA:70,0
DA:71,0
DA:75,0
DA:76,0
DA:78,0
DA:79,0
DA:80,0
DA:84,0
DA:97,0
LF:47
LH:0
BRDA:15,0,0,0
BRDA:15,0,1,0
BRDA:16,1,0,0
BRDA:16,1,1,0
BRDA:17,2,0,0
BRDA:17,2,1,0
BRDA:17,3,0,0
BRDA:17,3,1,0
BRDA:41,4,0,0
BRDA:41,4,1,0
BRDA:48,5,0,0
BRDA:48,5,1,0
BRDA:55,6,0,0
BRDA:55,6,1,0
BRDA:63,7,0,0
BRDA:63,7,1,0
BRDA:63,8,0,0
BRDA:63,8,1,0
BRDA:66,9,0,0
BRDA:66,9,1,0
BRDA:75,10,0,0
BRDA:75,10,1,0
BRF:22
BRH:0
end_of_record
TN:
SF:src\ItemReport.js
FN:31,(anonymous_0)
FN:53,(anonymous_1)
FN:54,(anonymous_2)
FN:55,(anonymous_3)
FN:56,(anonymous_4)
FN:57,(anonymous_5)
FN:58,(anonymous_6)
FN:59,(anonymous_7)
FN:60,(anonymous_8)
FN:61,(anonymous_9)
FN:62,(anonymous_10)
FN:63,(anonymous_11)
FN:70,(anonymous_12)
FN:86,(anonymous_13)
FN:102,(anonymous_14)
FN:109,(anonymous_15)
FN:118,(anonymous_16)
FN:127,(anonymous_17)
FN:138,(anonymous_18)
FN:146,(anonymous_19)
FN:157,(anonymous_20)
FN:159,(anonymous_21)
FN:178,(anonymous_22)
FNF:23
FNH:19
FNDA:35,(anonymous_0)
FNDA:6,(anonymous_1)
FNDA:1,(anonymous_2)
FNDA:6,(anonymous_3)
FNDA:4,(anonymous_4)
FNDA:0,(anonymous_5)
FNDA:4,(anonymous_6)
FNDA:1,(anonymous_7)
FNDA:0,(anonymous_8)
FNDA:4,(anonymous_9)
FNDA:4,(anonymous_10)
FNDA:0,(anonymous_11)
FNDA:1,(anonymous_12)
FNDA:3,(anonymous_13)
FNDA:1,(anonymous_14)
FNDA:6,(anonymous_15)
FNDA:3,(anonymous_16)
FNDA:3,(anonymous_17)
FNDA:0,(anonymous_18)
FNDA:4,(anonymous_19)
FNDA:1,(anonymous_20)
FNDA:2,(anonymous_21)
FNDA:36,(anonymous_22)
DA:14,3
DA:16,3
DA:17,3
DA:18,3
DA:32,35
DA:34,34
DA:36,32
DA:37,32
DA:38,32
DA:39,32
DA:40,32
DA:41,32
DA:42,32
DA:43,32
DA:44,32
DA:45,32
DA:46,32
DA:47,32
DA:48,32
DA:53,6
DA:54,1
DA:55,6
DA:56,4
DA:57,0
DA:58,4
DA:59,1
DA:60,0
DA:61,4
DA:62,4
DA:63,0
DA:71,1
DA:78,1
DA:79,1
DA:87,3
DA:88,1
DA:90,2
DA:91,2
DA:92,2
DA:93,2
DA:94,2
DA:95,2
DA:96,2
DA:103,1
DA:110,6
DA:111,5
DA:112,5
DA:119,3
DA:120,2
DA:128,3
DA:129,3
DA:130,3
DA:131,3
DA:139,0
DA:147,4
DA:148,1
DA:150,3
DA:151,1
DA:153,2
DA:154,2
DA:157,1
DA:160,2
DA:179,36
DA:180,210
DA:181,1
DA:187,3
LF:65
LH:61
BRDA:31,0,0,5
BRDA:34,1,0,2
BRDA:34,1,1,32
BRDA:41,2,0,32
BRDA:41,2,1,1
BRDA:86,3,0,0
BRDA:87,4,0,1
BRDA:87,4,1,2
BRDA:91,5,0,2
BRDA:91,5,1,0
BRDA:92,6,0,0
BRDA:92,6,1,2
BRDA:93,7,0,0
BRDA:93,7,1,2
BRDA:94,8,0,1
BRDA:94,8,1,1
BRDA:95,9,0,0
BRDA:95,9,1,2
BRDA:110,10,0,1
BRDA:110,10,1,5
BRDA:119,11,0,1
BRDA:119,11,1,2
BRDA:131,12,0,3
BRDA:131,12,1,1
BRDA:147,13,0,1
BRDA:147,13,1,3
BRDA:150,14,0,1
BRDA:150,14,1,2
BRDA:180,15,0,1
BRDA:180,15,1,209
BRDA:180,16,0,210
BRDA:180,16,1,210
BRDA:180,16,2,210
BRF:33
BRH:28
end_of_record
TN:
SF:src\Lecturer.js
FN:18,(anonymous_0)
FN:29,(anonymous_1)
FN:30,(anonymous_2)
FN:37,(anonymous_3)
FN:45,(anonymous_4)
FN:53,(anonymous_5)
FN:58,(anonymous_6)
FNF:7
FNH:6
FNDA:7,(anonymous_0)
FNDA:0,(anonymous_1)
FNDA:2,(anonymous_2)
FNDA:1,(anonymous_3)
FNDA:1,(anonymous_4)
FNDA:1,(anonymous_5)
FNDA:1,(anonymous_6)
DA:9,2
DA:19,7
DA:20,7
DA:21,6
DA:22,6
DA:23,6
DA:24,6
DA:29,0
DA:30,2
DA:38,1
DA:39,1
DA:46,1
DA:47,1
DA:54,1
DA:55,1
DA:59,1
DA:67,2
LF:17
LH:16
BRDA:20,0,0,1
BRDA:20,0,1,6
BRDA:38,1,0,0
BRDA:38,1,1,1
BRDA:46,2,0,0
BRDA:46,2,1,1
BRDA:54,3,0,0
BRDA:54,3,1,1
BRF:8
BRH:5
end_of_record
TN:
SF:src\Notification.js
FN:13,(anonymous_0)
FN:28,(anonymous_1)
FN:29,(anonymous_2)
FN:30,(anonymous_3)
FN:31,(anonymous_4)
FN:32,(anonymous_5)
FN:34,(anonymous_6)
FN:39,(anonymous_7)
FN:41,(anonymous_8)
FN:43,(anonymous_9)
FN:46,(anonymous_10)
FN:53,(anonymous_11)
FNF:12
FNH:11
FNDA:24,(anonymous_0)
FNDA:4,(anonymous_1)
FNDA:5,(anonymous_2)
FNDA:2,(anonymous_3)
FNDA:5,(anonymous_4)
FNDA:4,(anonymous_5)
FNDA:4,(anonymous_6)
FNDA:4,(anonymous_7)
FNDA:2,(anonymous_8)
FNDA:3,(anonymous_9)
FNDA:6,(anonymous_10)
FNDA:0,(anonymous_11)
DA:8,2
DA:10,2
DA:14,24
DA:15,23
DA:16,23
DA:18,22
DA:19,22
DA:20,22
DA:21,22
DA:22,22
DA:23,22
DA:24,22
DA:25,22
DA:28,4
DA:29,5
DA:30,2
DA:31,5
DA:32,4
DA:35,4
DA:36,3
DA:39,4
DA:42,2
DA:43,3
DA:47,6
DA:48,5
DA:49,4
DA:50,4
DA:54,0
DA:67,2
LF:29
LH:28
BRDA:14,0,0,1
BRDA:14,0,1,23
BRDA:15,1,0,0
BRDA:15,1,1,23
BRDA:16,2,0,1
BRDA:16,2,1,22
BRDA:35,3,0,1
BRDA:35,3,1,3
BRDA:42,4,0,1
BRDA:42,4,1,1
BRDA:47,5,0,1
BRDA:47,5,1,5
BRDA:48,6,0,1
BRDA:48,6,1,4
BRDA:50,7,0,1
BRDA:50,7,1,3
BRF:16
BRH:15
end_of_record
TN:
SF:src\Student.js
FN:18,(anonymous_0)
FN:29,(anonymous_1)
FN:30,(anonymous_2)
FN:31,(anonymous_3)
FN:32,(anonymous_4)
FN:40,(anonymous_5)
FN:49,(anonymous_6)
FN:58,(anonymous_7)
FN:67,(anonymous_8)
FN:72,(anonymous_9)
FNF:10
FNH:9
FNDA:10,(anonymous_0)
FNDA:0,(anonymous_1)
FNDA:1,(anonymous_2)
FNDA:3,(anonymous_3)
FNDA:1,(anonymous_4)
FNDA:2,(anonymous_5)
FNDA:1,(anonymous_6)
FNDA:1,(anonymous_7)
FNDA:2,(anonymous_8)
FNDA:1,(anonymous_9)
DA:9,2
DA:19,10
DA:20,10
DA:21,9
DA:22,9
DA:23,9
DA:24,9
DA:29,0
DA:30,1
DA:31,3
DA:32,1
DA:41,2
DA:42,1
DA:50,1
DA:51,1
DA:59,1
DA:60,1
DA:68,2
DA:69,1
DA:73,1
DA:83,2
LF:21
LH:20
BRDA:20,0,0,1
BRDA:20,0,1,9
BRDA:41,1,0,1
BRDA:41,1,1,1
BRDA:50,2,0,0
BRDA:50,2,1,1
BRDA:59,3,0,0
BRDA:59,3,1,1
BRDA:68,4,0,1
BRDA:68,4,1,1
BRDA:68,5,0,2
BRDA:68,5,1,1
BRF:12
BRH:10
end_of_record
TN:
SF:src\User.js
FN:24,(anonymous_0)
FN:47,(anonymous_1)
FN:48,(anonymous_2)
FN:49,(anonymous_3)
FN:50,(anonymous_4)
FN:51,(anonymous_5)
FN:52,(anonymous_6)
FN:53,(anonymous_7)
FN:54,(anonymous_8)
FN:55,(anonymous_9)
FN:64,(anonymous_10)
FN:76,(anonymous_11)
FN:102,(anonymous_12)
FN:110,(anonymous_13)
FN:119,(anonymous_14)
FN:132,(anonymous_15)
FN:140,(anonymous_16)
FN:147,(anonymous_17)
FN:163,(anonymous_18)
FNF:19
FNH:16
FNDA:54,(anonymous_0)
FNDA:0,(anonymous_1)
FNDA:2,(anonymous_2)
FNDA:2,(anonymous_3)
FNDA:6,(anonymous_4)
FNDA:3,(anonymous_5)
FNDA:4,(anonymous_6)
FNDA:4,(anonymous_7)
FNDA:0,(anonymous_8)
FNDA:1,(anonymous_9)
FNDA:12,(anonymous_10)
FNDA:10,(anonymous_11)
FNDA:0,(anonymous_12)
FNDA:1,(anonymous_13)
FNDA:3,(anonymous_14)
FNDA:2,(anonymous_15)
FNDA:2,(anonymous_16)
FNDA:5,(anonymous_17)
FNDA:10,(anonymous_18)
DA:10,3
DA:11,3
DA:13,3
DA:14,3
DA:15,3
DA:25,54
DA:26,3
DA:28,51
DA:29,1
DA:32,50
DA:33,50
DA:34,50
DA:35,50
DA:36,50
DA:37,50
DA:38,50
DA:39,50
DA:40,50
DA:41,50
DA:42,50
DA:47,0
DA:48,2
DA:49,2
DA:50,6
DA:51,3
DA:52,4
DA:53,4
DA:54,0
DA:55,1
DA:65,12
DA:66,11
DA:67,11
DA:77,10
DA:78,1
DA:80,9
DA:82,8
DA:83,8
DA:84,6
DA:85,6
DA:86,1
DA:87,1
DA:88,1
DA:90,6
DA:94,2
DA:95,2
DA:96,2
DA:104,0
DA:111,1
DA:120,3
DA:121,1
DA:123,2
DA:124,2
DA:125,2
DA:133,2
DA:141,2
DA:148,5
DA:164,10
DA:165,1
DA:169,3
LF:59
LH:56
BRDA:24,0,0,3
BRDA:25,1,0,3
BRDA:25,1,1,51
BRDA:25,2,0,54
BRDA:25,2,1,53
BRDA:25,2,2,52
BRDA:28,3,0,1
BRDA:28,3,1,50
BRDA:65,4,0,1
BRDA:65,4,1,11
BRDA:77,5,0,1
BRDA:77,5,1,9
BRDA:80,6,0,1
BRDA:80,6,1,8
BRDA:83,7,0,6
BRDA:83,7,1,2
BRDA:85,8,0,1
BRDA:85,8,1,5
BRDA:120,9,0,1
BRDA:120,9,1,2
BRDA:120,10,0,3
BRDA:120,10,1,3
BRDA:132,11,0,0
BRDA:133,12,0,1
BRDA:133,12,1,1
BRDA:164,13,0,9
BRDA:164,13,1,1
BRF:27
BRH:26
end_of_record
TN:
SF:src\UserSession.js
FN:27,(anonymous_0)
FN:42,(anonymous_1)
FN:43,(anonymous_2)
FN:44,(anonymous_3)
FN:45,(anonymous_4)
FN:46,(anonymous_5)
FN:47,(anonymous_6)
FN:54,(anonymous_7)
FN:65,(anonymous_8)
FN:74,(anonymous_9)
FN:86,(anonymous_10)
FN:95,(anonymous_11)
FN:99,(anonymous_12)
FN:112,(anonymous_13)
FNF:14
FNH:11
FNDA:14,(anonymous_0)
FNDA:0,(anonymous_1)
FNDA:0,(anonymous_2)
FNDA:2,(anonymous_3)
FNDA:4,(anonymous_4)
FNDA:0,(anonymous_5)
FNDA:2,(anonymous_6)
FNDA:1,(anonymous_7)
FNDA:3,(anonymous_8)
FNDA:3,(anonymous_9)
FNDA:2,(anonymous_10)
FNDA:4,(anonymous_11)
FNDA:1,(anonymous_12)
FNDA:2,(anonymous_13)
DA:14,1
DA:16,1
DA:17,1
DA:18,1
DA:20,1
DA:28,14
DA:29,13
DA:31,12
DA:32,12
DA:33,12
DA:34,12
DA:35,12
DA:36,12
DA:37,12
DA:42,0
DA:43,0
DA:44,2
DA:45,4
DA:46,0
DA:47,2
DA:55,1
DA:56,1
DA:57,1
DA:66,3
DA:67,2
DA:68,2
DA:75,3
DA:76,2
DA:78,1
DA:79,1
DA:80,1
DA:87,2
DA:88,2
DA:96,4
DA:100,1
DA:113,2
DA:114,2
DA:116,2
DA:117,1
DA:118,1
DA:120,1
DA:121,0
DA:122,0
DA:124,1
DA:125,0
DA:126,0
DA:128,1
DA:129,0
DA:134,1
LF:49
LH:41
BRDA:28,0,0,1
BRDA:28,0,1,13
BRDA:29,1,0,1
BRDA:29,1,1,12
BRDA:66,2,0,1
BRDA:66,2,1,2
BRDA:75,3,0,2
BRDA:75,3,1,1
BRDA:116,4,0,1
BRDA:116,4,1,1
BRDA:120,5,0,0
BRDA:120,5,1,1
BRDA:120,6,0,1
BRDA:120,6,1,0
BRDA:124,7,0,0
BRDA:124,7,1,1
BRDA:128,8,0,0
BRDA:128,8,1,1
BRF:18
BRH:14
end_of_record
TN:
SF:src\image.js
FN:27,(anonymous_0)
FN:42,(anonymous_1)
FN:43,(anonymous_2)
FN:44,(anonymous_3)
FN:45,(anonymous_4)
FN:46,(anonymous_5)
FN:47,(anonymous_6)
FN:48,(anonymous_7)
FN:49,(anonymous_8)
FN:58,(anonymous_9)
FN:67,(anonymous_10)
FN:77,(anonymous_11)
FN:101,(anonymous_12)
FN:110,(anonymous_13)
FNF:14
FNH:0
FNDA:0,(anonymous_0)
FNDA:0,(anonymous_1)
FNDA:0,(anonymous_2)
FNDA:0,(anonymous_3)
FNDA:0,(anonymous_4)
FNDA:0,(anonymous_5)
FNDA:0,(anonymous_6)
FNDA:0,(anonymous_7)
FNDA:0,(anonymous_8)
FNDA:0,(anonymous_9)
FNDA:0,(anonymous_10)
FNDA:0,(anonymous_11)
FNDA:0,(anonymous_12)
FNDA:0,(anonymous_13)
DA:14,0
DA:16,0
DA:17,0
DA:28,0
DA:30,0
DA:31,0
DA:32,0
DA:33,0
DA:34,0
DA:35,0
DA:36,0
DA:37,0
DA:42,0
DA:43,0
DA:44,0
DA:45,0
DA:46,0
DA:47,0
DA:48,0
DA:49,0
DA:59,0
DA:68,0
DA:78,0
DA:80,0
DA:81,0
DA:83,0
DA:84,0
DA:86,0
DA:88,0
DA:89,0
DA:90,0
DA:91,0
DA:92,0
DA:93,0
DA:95,0
DA:102,0
DA:103,0
DA:104,0
DA:105,0
DA:106,0
DA:107,0
DA:111,0
DA:124,0
LF:43
LH:0
BRDA:28,0,0,0
BRDA:28,0,1,0
BRDA:32,1,0,0
BRDA:32,1,1,0
BRDA:33,2,0,0
BRDA:33,2,1,0
BRDA:34,3,0,0
BRDA:34,3,1,0
BRDA:35,4,0,0
BRDA:35,4,1,0
BRDA:59,5,0,0
BRDA:59,5,1,0
BRDA:68,6,0,0
BRDA:68,6,1,0
BRDA:68,6,2,0
BRDA:80,7,0,0
BRDA:80,7,1,0
BRDA:83,8,0,0
BRDA:83,8,1,0
BRDA:86,9,0,0
BRDA:86,9,1,0
BRDA:102,10,0,0
BRDA:102,10,1,0
BRF:23
BRH:0
end_of_record
